


ARM Macro Assembler    Page 1 


    1 00000000         ;            Computer Architectures - 02LSEOV 02LSEOQ   
                                ;
    2 00000000         ; author:   Paolo BERNARDI - Politecnico di Torino      
                            ;
    3 00000000         ; creation:  11 November 2018         ;
    4 00000000         ; last update:  13 November 2018         ;
    5 00000000         ; functionalities:             ;
    6 00000000         ;  nothing but bringing to the reset handler     ;
    7 00000000         
    8 00000000         ; *------- <<< Use Configuration Wizard in Context Menu 
                       >>> ------------------
    9 00000000         
   10 00000000         ; <h> Stack Configuration
   11 00000000         ;   <o> Stack Size (in Bytes) <0x0-0xFFFFFFFF:8>
   12 00000000         ; </h>
   13 00000000         
   14 00000000 00000200 
                       Stack_Size
                               EQU              0x00000200
   15 00000000         
   16 00000000                 AREA             STACK, NOINIT, READWRITE, ALIGN
=3
   17 00000000         Stack_Mem
                               SPACE            Stack_Size
   18 00000200         __initial_sp
   19 00000200         
   20 00000200         
   21 00000200         ; <h> Heap Configuration
   22 00000200         ;   <o>  Heap Size (in Bytes) <0x0-0xFFFFFFFF:8>
   23 00000200         ; </h>
   24 00000200         
   25 00000200 00000200 
                       Heap_Size
                               EQU              0x00000200
   26 00000200         
   27 00000200                 AREA             HEAP, NOINIT, READWRITE, ALIGN=
3
   28 00000000         __heap_base
   29 00000000         Heap_Mem
                               SPACE            Heap_Size
   30 00000200         __heap_limit
   31 00000200         
   32 00000200         
   33 00000200                 PRESERVE8
   34 00000200                 THUMB
   35 00000200         
   36 00000200         
   37 00000200         ; Vector Table Mapped to Address 0 at Reset
   38 00000200         
   39 00000200                 AREA             RESET, DATA, READONLY
   40 00000000                 EXPORT           __Vectors
   41 00000000         
   42 00000000 00000000 
                       __Vectors
                               DCD              __initial_sp ; Top of Stack
   43 00000004 00000000        DCD              Reset_Handler ; Reset Handler
   44 00000008 00000000        DCD              NMI_Handler ; NMI Handler
   45 0000000C 00000000        DCD              HardFault_Handler ; Hard Fault 
                                                            Handler



ARM Macro Assembler    Page 2 


   46 00000010 00000000        DCD              MemManage_Handler 
                                                            ; MPU Fault Handler
                                                            
   47 00000014 00000000        DCD              BusFault_Handler 
                                                            ; Bus Fault Handler
                                                            
   48 00000018 00000000        DCD              UsageFault_Handler ; Usage Faul
                                                            t Handler
   49 0000001C 00000000        DCD              0           ; Reserved
   50 00000020 00000000        DCD              0           ; Reserved
   51 00000024 00000000        DCD              0           ; Reserved
   52 00000028 00000000        DCD              0           ; Reserved
   53 0000002C 00000000        DCD              SVC_Handler ; SVCall Handler
   54 00000030 00000000        DCD              DebugMon_Handler ; Debug Monito
                                                            r Handler
   55 00000034 00000000        DCD              0           ; Reserved
   56 00000038 00000000        DCD              PendSV_Handler ; PendSV Handler
                                                            
   57 0000003C 00000000        DCD              SysTick_Handler 
                                                            ; SysTick Handler
   58 00000040         
   59 00000040         ; External Interrupts
   60 00000040 00000000        DCD              WDT_IRQHandler ; 16: Watchdog T
                                                            imer
   61 00000044 00000000        DCD              TIMER0_IRQHandler ; 17: Timer0
   62 00000048 00000000        DCD              TIMER1_IRQHandler ; 18: Timer1
   63 0000004C 00000000        DCD              TIMER2_IRQHandler ; 19: Timer2
   64 00000050 00000000        DCD              TIMER3_IRQHandler ; 20: Timer3
   65 00000054 00000000        DCD              UART0_IRQHandler ; 21: UART0
   66 00000058 00000000        DCD              UART1_IRQHandler ; 22: UART1
   67 0000005C 00000000        DCD              UART2_IRQHandler ; 23: UART2
   68 00000060 00000000        DCD              UART3_IRQHandler ; 24: UART3
   69 00000064 00000000        DCD              PWM1_IRQHandler ; 25: PWM1
   70 00000068 00000000        DCD              I2C0_IRQHandler ; 26: I2C0
   71 0000006C 00000000        DCD              I2C1_IRQHandler ; 27: I2C1
   72 00000070 00000000        DCD              I2C2_IRQHandler ; 28: I2C2
   73 00000074 00000000        DCD              SPI_IRQHandler ; 29: SPI
   74 00000078 00000000        DCD              SSP0_IRQHandler ; 30: SSP0
   75 0000007C 00000000        DCD              SSP1_IRQHandler ; 31: SSP1
   76 00000080 00000000        DCD              PLL0_IRQHandler ; 32: PLL0 Lock
                                                             (Main PLL)
   77 00000084 00000000        DCD              RTC_IRQHandler ; 33: Real Time 
                                                            Clock
   78 00000088 00000000        DCD              EINT0_IRQHandler ; 34: External
                                                             Interrupt 0
   79 0000008C 00000000        DCD              EINT1_IRQHandler ; 35: External
                                                             Interrupt 1
   80 00000090 00000000        DCD              EINT2_IRQHandler ; 36: External
                                                             Interrupt 2
   81 00000094 00000000        DCD              EINT3_IRQHandler ; 37: External
                                                             Interrupt 3
   82 00000098 00000000        DCD              ADC_IRQHandler 
                                                            ; 38: A/D Converter
                                                            
   83 0000009C 00000000        DCD              BOD_IRQHandler ; 39: Brown-Out 
                                                            Detect
   84 000000A0 00000000        DCD              USB_IRQHandler ; 40: USB
   85 000000A4 00000000        DCD              CAN_IRQHandler ; 41: CAN
   86 000000A8 00000000        DCD              DMA_IRQHandler ; 42: General Pu



ARM Macro Assembler    Page 3 


                                                            rpose DMA
   87 000000AC 00000000        DCD              I2S_IRQHandler ; 43: I2S
   88 000000B0 00000000        DCD              ENET_IRQHandler ; 44: Ethernet
   89 000000B4 00000000        DCD              RIT_IRQHandler ; 45: Repetitive
                                                             Interrupt Timer
   90 000000B8 00000000        DCD              MCPWM_IRQHandler ; 46: Motor Co
                                                            ntrol PWM
   91 000000BC 00000000        DCD              QEI_IRQHandler ; 47: Quadrature
                                                             Encoder Interface
   92 000000C0 00000000        DCD              PLL1_IRQHandler ; 48: PLL1 Lock
                                                             (USB PLL)
   93 000000C4 00000000        DCD              USBActivity_IRQHandler ; 49: US
                                                            B Activity interrup
                                                            t to wakeup
   94 000000C8 00000000        DCD              CANActivity_IRQHandler ; 50: CA
                                                            N Activity interrup
                                                            t to wakeup
   95 000000CC         
   96 000000CC         
   97 000000CC                 IF               :LNOT::DEF:NO_CRP
   98 000000CC                 AREA             |.ARM.__at_0x02FC|, CODE, READO
NLY
   99 00000000 FFFFFFFF 
                       CRP_Key DCD              0xFFFFFFFF
  100 00000004                 ENDIF
  101 00000004         
  102 00000004         
  103 00000004                 AREA             |.text|, CODE, READONLY
  104 00000000         
  105 00000000         
  106 00000000         ; Reset Handler
  107 00000000         
  108 00000000         Reset_Handler
                               PROC
  109 00000000                 EXPORT           Reset_Handler             [WEAK
]
  110 00000000 4888            LDR              R0, =Reset_Handler
  111 00000002         
  112 00000002         ; your code here
  113 00000002 00 00 00000042 
              000000E6 
              0000004A 
              00000109 
              00000007 
              000004BA 
              0000000A 
              000000F5 Price_list
                               DCD              0x042, 230, 0x04A, 265, 0x007, 
1210, 0x00A, 245
  114 00000024 00000010 
              000000E4 
              00000012 
              00000007 
              00000016 
              000002D2 
              00000017 
              000004C1         DCD              0x010, 228, 0x012, 7, 0x016, 72
2, 0x017, 1217
  115 00000044 00000018 



ARM Macro Assembler    Page 4 


              0000008A 
              0000001A 
              000008AE 
              0000001B 
              00000022 
              0000001E 
              0000000B         DCD              0x018, 138, 0x01A, 2222, 0x01B,
 34, 0x01E, 11
  116 00000064 00000022 
              000000DF 
              00000023 
              000004E1 
              00000025 
              000000F0 
              00000027 
              00000070         DCD              0x022, 223, 0x023, 1249, 0x025,
 240, 0x027, 112
  117 00000084 0000002C 
              000008C5 
              0000002D 
              0000019A 
              00000031 
              00000348 
              00000033 
              000003B1         DCD              0x02C, 2245, 0x02D, 410, 0x031,
 840, 0x033, 945
  118 000000A4 00000036 
              00000C8B 
              00000039 
              00000070 
              0000003C 
              000002CF 
              0000003E 
              00000295         DCD              0x036, 3211, 0x039, 112, 0x03C,
 719, 0x03E, 661
  119 000000C4 00000004 
              00000078 
              00000045 
              00000458 
              00000047 
              00000A43 
              00000006 
              0000013B         DCD              0x004, 120, 0x045, 1112, 0x047,
 2627 , 0x006, 315
  120 000000E4         
  121 000000E4 00000022 
              0000000E 
              00000006 
              000001AF 
              0000003E 
              000004BA 
              00000017 
              0000DC16 Item_list
                               DCD              0x022, 14, 0x006, 431, 0x03E, 1
210, 0x017, 56342
  122 00000104         
  123 00000104 F04F 0008       MOV              R0, #8      ;item struct size
  124 00000108 F04F 0104       MOV              R1, #4      ;number of elements
                                                             in the list



ARM Macro Assembler    Page 5 


  125 0000010C F04F 0200       MOV              R2, #0      ;current element
  126 00000110 F04F 0A00       MOV              R10,#0      ;tot=0
  127 00000114 FB00 F901       MUL              R9,R0,R1    ;total lenght
  128 00000118 F8DF B10C       LDR              R11,=Price_list
  129 0000011C F8DF C10C       LDR              R12,=Item_list
  130 00000120         CopyMatrix
  131 00000120 4C43            LDR              R4,=Heap_Mem
  132 00000122 F04F 0300       MOV              R3,#0       ;index
  133 00000126 F04F 051C       MOV              R5,#28      ;remaining items 
  134 0000012A         CopyLoop
  135 0000012A F85B 6003       LDR              R6,[R11,R3]
  136 0000012E 50E6            STR              R6,[R4,R3]
  137 00000130 F103 0304       ADD              R3,#4
  138 00000134 F85B 6003       LDR              R6,[R11,R3]
  139 00000138 50E6            STR              R6,[R4,R3]
  140 0000013A F103 0304       ADD              R3,#4
  141 0000013E 1E6D            SUBS             R5,R5,#1
  142 00000140 D1F3            BNE              CopyLoop
  143 00000142 46A3            MOV              R11,R4
  144 00000144 F04F 0A1C       MOV              R10,#28
  145 00000148 F000 F82F       BL               Sort
  146 0000014C F04F 0A00       MOV              R10,#0
  147 00000150         Iteration
  148 00000150 F04F 0300       MOV              R3, #0      ;first
  149 00000154 F04F 041B       MOV              R4, #27     ;last
  150 00000158 F04F 0500       MOV              R5, #0      ;middle
  151 0000015C F85C 6002       LDR              R6,[R12,R2]
  152 00000160         Bynary_search
  153 00000160 42A3            cmp              R3,R4
  154 00000162 DC1F            BGT              Item_not_found
  155 00000164 EB03 0504       ADD              R5,R3,R4
  156 00000168 EA4F 0555       MOV              R5,R5, LSR #1
  157 0000016C FB05 F800       MUL              R8,R5,R0    ;index
  158 00000170 F85B 7008       LDR              R7,[R11,R8] ;reading from matri
                                                            x
  159 00000174 42BE            cmp              R6,R7       ;key check
  160 00000176 D005            BEQ              Use_Result
  161 00000178 BFB8 F105 
              34FF             ADDLT            R4,R5,#-1
  162 0000017E BFC8 1C6B       ADDGT            R3,R5,#+1
  163 00000182 E7ED            B                Bynary_search
  164 00000184         
  165 00000184         Use_Result
  166 00000184 F108 0804       ADD              R8, #4
  167 00000188 F102 0204       ADD              R2, #4
  168 0000018C F85C 6002       LDR              R6, [R12,R2] ;get item quantity
                                                            
  169 00000190 F85B 7008       LDR              R7, [R11,R8] ;get item price
  170 00000194 FB06 F807       MUL              R8, R6, R7
  171 00000198 44C2            ADD              R10, R8
  172 0000019A F102 0204       ADD              R2, #4
  173 0000019E 454A            CMP              R2,R9       ;loop closing check
                                                            ing
  174 000001A0 D002            BEQ              End_Program
  175 000001A2 E7D5            B                Iteration
  176 000001A4         
  177 000001A4         Item_not_found
  178 000001A4 F04F 0A00       MOV              R10,#0
  179 000001A8         



ARM Macro Assembler    Page 6 


  180 000001A8         End_Program
  181 000001A8         
  182 000001A8 E7FE    InfLoop B                InfLoop
  183 000001AA                 ENDP
  184 000001AA         
  185 000001AA         
  186 000001AA         
  187 000001AA         ;receive start index in R11 and lenght in R10
  188 000001AA E92D 47FF 
                       Sort    PUSH             {r0,r1,r2,r3,r4,r5,r6,r7,r8,r9,
r10,LR}
  189 000001AE F04F 0000       MOV              R0,#0       ;i
  190 000001B2 F10A 3AFF       ADD              R10,R10,#-1
  191 000001B6 EA4F 0ACA       LSL              R10,#3
  192 000001BA F2AA 0208       ADD              R2,R10,#-8
  193 000001BE         
  194 000001BE         loop
  195 000001BE 4290            CMP              R0,R2
  196 000001C0 DC23            BGT              endSort
  197 000001C2 F04F 0100       MOV              R1,#0       ;j
  198 000001C6         internalLoop
  199 000001C6 EBA2 0300       SUB              R3,R2,R0
  200 000001CA 4299            CMP              R1,R3
  201 000001CC DC1A            BGT              endInternalLoop
  202 000001CE         
  203 000001CE F85B 4001       LDR              R4,[R11,R1] ;arr[j]
  204 000001D2 F101 0308       ADD              R3,R1,#8    ;j+1
  205 000001D6 F85B 5003       LDR              R5,[R11,R3] ;arr[j+1]
  206 000001DA 42AC            CMP              R4,R5       ;if (arr[j] > arr[j
                                                            +1]) 
  207 000001DC BFC1 F84B 
              4003             STRGT            R4,[R11,R3] ;swap(&arr[j], &arr
                                                            [j+1]);
  208 000001E2 F84B 5001       STRGT            R5,[R11,R1] ;  
  209 000001E6 1D0B            ADDGT            R3,R1,#4    ;
  210 000001E8 F103 0608       ADDGT            R6,R3,#8    ;
  211 000001EC BFC1 F85B 
              4003             LDRGT            R4,[R11,R3] ;
  212 000001F2 F85B 5006       LDRGT            R5,[R11,R6] ;
  213 000001F6 F84B 4006       STRGT            R4,[R11,R6] ;
  214 000001FA F84B 5003       STRGT            R5,[R11,R3] ;
  215 000001FE F101 0108       ADD              R1,#8
  216 00000202 E7E0            B                internalLoop
  217 00000204         endInternalLoop
  218 00000204 F100 0008       ADD              R0,R0,#8
  219 00000208 E7D9            B                loop
  220 0000020A         endSort
  221 0000020A E8BD 87FF       POP              {r0,r1,r2,r3,r4,r5,r6,r7,r8,r9,
r10,PC}
  222 0000020E         
  223 0000020E         ; Dummy Exception Handlers (infinite loops which can be 
                       modified)
  224 0000020E         
  225 0000020E         NMI_Handler
                               PROC
  226 0000020E                 EXPORT           NMI_Handler               [WEAK
]
  227 0000020E E7FE            B                .
  228 00000210                 ENDP



ARM Macro Assembler    Page 7 


  230 00000210         HardFault_Handler
                               PROC
  231 00000210                 EXPORT           HardFault_Handler         [WEAK
]
  232 00000210 E7FE            B                .
  233 00000212                 ENDP
  235 00000212         MemManage_Handler
                               PROC
  236 00000212                 EXPORT           MemManage_Handler         [WEAK
]
  237 00000212 E7FE            B                .
  238 00000214                 ENDP
  240 00000214         BusFault_Handler
                               PROC
  241 00000214                 EXPORT           BusFault_Handler          [WEAK
]
  242 00000214 E7FE            B                .
  243 00000216                 ENDP
  245 00000216         UsageFault_Handler
                               PROC
  246 00000216                 EXPORT           UsageFault_Handler        [WEAK
]
  247 00000216 E7FE            B                .
  248 00000218                 ENDP
  249 00000218         SVC_Handler
                               PROC
  250 00000218                 EXPORT           SVC_Handler               [WEAK
]
  251 00000218 E7FE            B                .
  252 0000021A                 ENDP
  254 0000021A         DebugMon_Handler
                               PROC
  255 0000021A                 EXPORT           DebugMon_Handler          [WEAK
]
  256 0000021A E7FE            B                .
  257 0000021C                 ENDP
  258 0000021C         PendSV_Handler
                               PROC
  259 0000021C                 EXPORT           PendSV_Handler            [WEAK
]
  260 0000021C E7FE            B                .
  261 0000021E                 ENDP
  262 0000021E         SysTick_Handler
                               PROC
  263 0000021E                 EXPORT           SysTick_Handler           [WEAK
]
  264 0000021E E7FE            B                .
  265 00000220                 ENDP
  266 00000220         
  267 00000220         Default_Handler
                               PROC
  268 00000220         
  269 00000220                 EXPORT           WDT_IRQHandler            [WEAK
]
  270 00000220                 EXPORT           TIMER0_IRQHandler         [WEAK
]
  271 00000220                 EXPORT           TIMER1_IRQHandler         [WEAK
]
  272 00000220                 EXPORT           TIMER2_IRQHandler         [WEAK



ARM Macro Assembler    Page 8 


]
  273 00000220                 EXPORT           TIMER3_IRQHandler         [WEAK
]
  274 00000220                 EXPORT           UART0_IRQHandler          [WEAK
]
  275 00000220                 EXPORT           UART1_IRQHandler          [WEAK
]
  276 00000220                 EXPORT           UART2_IRQHandler          [WEAK
]
  277 00000220                 EXPORT           UART3_IRQHandler          [WEAK
]
  278 00000220                 EXPORT           PWM1_IRQHandler           [WEAK
]
  279 00000220                 EXPORT           I2C0_IRQHandler           [WEAK
]
  280 00000220                 EXPORT           I2C1_IRQHandler           [WEAK
]
  281 00000220                 EXPORT           I2C2_IRQHandler           [WEAK
]
  282 00000220                 EXPORT           SPI_IRQHandler            [WEAK
]
  283 00000220                 EXPORT           SSP0_IRQHandler           [WEAK
]
  284 00000220                 EXPORT           SSP1_IRQHandler           [WEAK
]
  285 00000220                 EXPORT           PLL0_IRQHandler           [WEAK
]
  286 00000220                 EXPORT           RTC_IRQHandler            [WEAK
]
  287 00000220                 EXPORT           EINT0_IRQHandler          [WEAK
]
  288 00000220                 EXPORT           EINT1_IRQHandler          [WEAK
]
  289 00000220                 EXPORT           EINT2_IRQHandler          [WEAK
]
  290 00000220                 EXPORT           EINT3_IRQHandler          [WEAK
]
  291 00000220                 EXPORT           ADC_IRQHandler            [WEAK
]
  292 00000220                 EXPORT           BOD_IRQHandler            [WEAK
]
  293 00000220                 EXPORT           USB_IRQHandler            [WEAK
]
  294 00000220                 EXPORT           CAN_IRQHandler            [WEAK
]
  295 00000220                 EXPORT           DMA_IRQHandler            [WEAK
]
  296 00000220                 EXPORT           I2S_IRQHandler            [WEAK
]
  297 00000220                 EXPORT           ENET_IRQHandler           [WEAK
]
  298 00000220                 EXPORT           RIT_IRQHandler            [WEAK
]
  299 00000220                 EXPORT           MCPWM_IRQHandler          [WEAK
]
  300 00000220                 EXPORT           QEI_IRQHandler            [WEAK
]
  301 00000220                 EXPORT           PLL1_IRQHandler           [WEAK
]



ARM Macro Assembler    Page 9 


  302 00000220                 EXPORT           USBActivity_IRQHandler    [WEAK
]
  303 00000220                 EXPORT           CANActivity_IRQHandler    [WEAK
]
  304 00000220         
  305 00000220         WDT_IRQHandler
  306 00000220         TIMER0_IRQHandler
  307 00000220         TIMER1_IRQHandler
  308 00000220         TIMER2_IRQHandler
  309 00000220         TIMER3_IRQHandler
  310 00000220         UART0_IRQHandler
  311 00000220         UART1_IRQHandler
  312 00000220         UART2_IRQHandler
  313 00000220         UART3_IRQHandler
  314 00000220         PWM1_IRQHandler
  315 00000220         I2C0_IRQHandler
  316 00000220         I2C1_IRQHandler
  317 00000220         I2C2_IRQHandler
  318 00000220         SPI_IRQHandler
  319 00000220         SSP0_IRQHandler
  320 00000220         SSP1_IRQHandler
  321 00000220         PLL0_IRQHandler
  322 00000220         RTC_IRQHandler
  323 00000220         EINT0_IRQHandler
  324 00000220         EINT1_IRQHandler
  325 00000220         EINT2_IRQHandler
  326 00000220         EINT3_IRQHandler
  327 00000220         ADC_IRQHandler
  328 00000220         BOD_IRQHandler
  329 00000220         USB_IRQHandler
  330 00000220         CAN_IRQHandler
  331 00000220         DMA_IRQHandler
  332 00000220         I2S_IRQHandler
  333 00000220         ENET_IRQHandler
  334 00000220         RIT_IRQHandler
  335 00000220         MCPWM_IRQHandler
  336 00000220         QEI_IRQHandler
  337 00000220         PLL1_IRQHandler
  338 00000220         USBActivity_IRQHandler
  339 00000220         CANActivity_IRQHandler
  340 00000220         
  341 00000220 E7FE            B                .
  342 00000222         
  343 00000222                 ENDP
  344 00000222         
  345 00000222         
  346 00000222 00 00           ALIGN
  347 00000224         
  348 00000224         
  349 00000224         ; User Initial Stack & Heap
  350 00000224         
  351 00000224                 EXPORT           __initial_sp
  352 00000224                 EXPORT           __heap_base
  353 00000224                 EXPORT           __heap_limit
  354 00000224         
  355 00000224                 END
              00000000 
              00000000 
              00000000 



ARM Macro Assembler    Page 10 


              00000000 
Command Line: --debug --xref --cpu=Cortex-M3 --apcs=interwork --depend=startup_
LPC17xx.d -ostartup_LPC17xx.o -I"C:\Program Files (x86)\Keil\ARM\INC" -I"C:\Pro
gram Files (x86)\Keil\ARM\INC\NXP\LPC17xx" --predefine="__EVAL SETA 1" --list=s
tartup_LPC17xx.lst startup_LPC17xx.s



ARM Macro Assembler    Page 1 Alphabetic symbol ordering
Relocatable symbols

STACK 00000000

Symbol: STACK
   Definitions
      At line 16 in file startup_LPC17xx.s
   Uses
      None
Comment: STACK unused
Stack_Mem 00000000

Symbol: Stack_Mem
   Definitions
      At line 17 in file startup_LPC17xx.s
   Uses
      None
Comment: Stack_Mem unused
__initial_sp 00000200

Symbol: __initial_sp
   Definitions
      At line 18 in file startup_LPC17xx.s
   Uses
      At line 42 in file startup_LPC17xx.s
      At line 351 in file startup_LPC17xx.s

3 symbols



ARM Macro Assembler    Page 1 Alphabetic symbol ordering
Relocatable symbols

HEAP 00000000

Symbol: HEAP
   Definitions
      At line 27 in file startup_LPC17xx.s
   Uses
      None
Comment: HEAP unused
Heap_Mem 00000000

Symbol: Heap_Mem
   Definitions
      At line 29 in file startup_LPC17xx.s
   Uses
      At line 131 in file startup_LPC17xx.s
Comment: Heap_Mem used once
__heap_base 00000000

Symbol: __heap_base
   Definitions
      At line 28 in file startup_LPC17xx.s
   Uses
      At line 352 in file startup_LPC17xx.s
Comment: __heap_base used once
__heap_limit 00000200

Symbol: __heap_limit
   Definitions
      At line 30 in file startup_LPC17xx.s
   Uses
      At line 353 in file startup_LPC17xx.s
Comment: __heap_limit used once
4 symbols



ARM Macro Assembler    Page 1 Alphabetic symbol ordering
Relocatable symbols

RESET 00000000

Symbol: RESET
   Definitions
      At line 39 in file startup_LPC17xx.s
   Uses
      None
Comment: RESET unused
__Vectors 00000000

Symbol: __Vectors
   Definitions
      At line 42 in file startup_LPC17xx.s
   Uses
      At line 40 in file startup_LPC17xx.s
Comment: __Vectors used once
2 symbols



ARM Macro Assembler    Page 1 Alphabetic symbol ordering
Relocatable symbols

.ARM.__at_0x02FC 00000000

Symbol: .ARM.__at_0x02FC
   Definitions
      At line 98 in file startup_LPC17xx.s
   Uses
      None
Comment: .ARM.__at_0x02FC unused
CRP_Key 00000000

Symbol: CRP_Key
   Definitions
      At line 99 in file startup_LPC17xx.s
   Uses
      None
Comment: CRP_Key unused
2 symbols



ARM Macro Assembler    Page 1 Alphabetic symbol ordering
Relocatable symbols

.text 00000000

Symbol: .text
   Definitions
      At line 103 in file startup_LPC17xx.s
   Uses
      None
Comment: .text unused
ADC_IRQHandler 00000220

Symbol: ADC_IRQHandler
   Definitions
      At line 327 in file startup_LPC17xx.s
   Uses
      At line 82 in file startup_LPC17xx.s
      At line 291 in file startup_LPC17xx.s

BOD_IRQHandler 00000220

Symbol: BOD_IRQHandler
   Definitions
      At line 328 in file startup_LPC17xx.s
   Uses
      At line 83 in file startup_LPC17xx.s
      At line 292 in file startup_LPC17xx.s

BusFault_Handler 00000214

Symbol: BusFault_Handler
   Definitions
      At line 240 in file startup_LPC17xx.s
   Uses
      At line 47 in file startup_LPC17xx.s
      At line 241 in file startup_LPC17xx.s

Bynary_search 00000160

Symbol: Bynary_search
   Definitions
      At line 152 in file startup_LPC17xx.s
   Uses
      At line 163 in file startup_LPC17xx.s
Comment: Bynary_search used once
CANActivity_IRQHandler 00000220

Symbol: CANActivity_IRQHandler
   Definitions
      At line 339 in file startup_LPC17xx.s
   Uses
      At line 94 in file startup_LPC17xx.s
      At line 303 in file startup_LPC17xx.s

CAN_IRQHandler 00000220

Symbol: CAN_IRQHandler
   Definitions
      At line 330 in file startup_LPC17xx.s
   Uses
      At line 85 in file startup_LPC17xx.s



ARM Macro Assembler    Page 2 Alphabetic symbol ordering
Relocatable symbols

      At line 294 in file startup_LPC17xx.s

CopyLoop 0000012A

Symbol: CopyLoop
   Definitions
      At line 134 in file startup_LPC17xx.s
   Uses
      At line 142 in file startup_LPC17xx.s
Comment: CopyLoop used once
CopyMatrix 00000120

Symbol: CopyMatrix
   Definitions
      At line 130 in file startup_LPC17xx.s
   Uses
      None
Comment: CopyMatrix unused
DMA_IRQHandler 00000220

Symbol: DMA_IRQHandler
   Definitions
      At line 331 in file startup_LPC17xx.s
   Uses
      At line 86 in file startup_LPC17xx.s
      At line 295 in file startup_LPC17xx.s

DebugMon_Handler 0000021A

Symbol: DebugMon_Handler
   Definitions
      At line 254 in file startup_LPC17xx.s
   Uses
      At line 54 in file startup_LPC17xx.s
      At line 255 in file startup_LPC17xx.s

Default_Handler 00000220

Symbol: Default_Handler
   Definitions
      At line 267 in file startup_LPC17xx.s
   Uses
      None
Comment: Default_Handler unused
EINT0_IRQHandler 00000220

Symbol: EINT0_IRQHandler
   Definitions
      At line 323 in file startup_LPC17xx.s
   Uses
      At line 78 in file startup_LPC17xx.s
      At line 287 in file startup_LPC17xx.s

EINT1_IRQHandler 00000220

Symbol: EINT1_IRQHandler
   Definitions
      At line 324 in file startup_LPC17xx.s
   Uses



ARM Macro Assembler    Page 3 Alphabetic symbol ordering
Relocatable symbols

      At line 79 in file startup_LPC17xx.s
      At line 288 in file startup_LPC17xx.s

EINT2_IRQHandler 00000220

Symbol: EINT2_IRQHandler
   Definitions
      At line 325 in file startup_LPC17xx.s
   Uses
      At line 80 in file startup_LPC17xx.s
      At line 289 in file startup_LPC17xx.s

EINT3_IRQHandler 00000220

Symbol: EINT3_IRQHandler
   Definitions
      At line 326 in file startup_LPC17xx.s
   Uses
      At line 81 in file startup_LPC17xx.s
      At line 290 in file startup_LPC17xx.s

ENET_IRQHandler 00000220

Symbol: ENET_IRQHandler
   Definitions
      At line 333 in file startup_LPC17xx.s
   Uses
      At line 88 in file startup_LPC17xx.s
      At line 297 in file startup_LPC17xx.s

End_Program 000001A8

Symbol: End_Program
   Definitions
      At line 180 in file startup_LPC17xx.s
   Uses
      At line 174 in file startup_LPC17xx.s
Comment: End_Program used once
HardFault_Handler 00000210

Symbol: HardFault_Handler
   Definitions
      At line 230 in file startup_LPC17xx.s
   Uses
      At line 45 in file startup_LPC17xx.s
      At line 231 in file startup_LPC17xx.s

I2C0_IRQHandler 00000220

Symbol: I2C0_IRQHandler
   Definitions
      At line 315 in file startup_LPC17xx.s
   Uses
      At line 70 in file startup_LPC17xx.s
      At line 279 in file startup_LPC17xx.s

I2C1_IRQHandler 00000220

Symbol: I2C1_IRQHandler



ARM Macro Assembler    Page 4 Alphabetic symbol ordering
Relocatable symbols

   Definitions
      At line 316 in file startup_LPC17xx.s
   Uses
      At line 71 in file startup_LPC17xx.s
      At line 280 in file startup_LPC17xx.s

I2C2_IRQHandler 00000220

Symbol: I2C2_IRQHandler
   Definitions
      At line 317 in file startup_LPC17xx.s
   Uses
      At line 72 in file startup_LPC17xx.s
      At line 281 in file startup_LPC17xx.s

I2S_IRQHandler 00000220

Symbol: I2S_IRQHandler
   Definitions
      At line 332 in file startup_LPC17xx.s
   Uses
      At line 87 in file startup_LPC17xx.s
      At line 296 in file startup_LPC17xx.s

InfLoop 000001A8

Symbol: InfLoop
   Definitions
      At line 182 in file startup_LPC17xx.s
   Uses
      At line 182 in file startup_LPC17xx.s
Comment: InfLoop used once
Item_list 000000E4

Symbol: Item_list
   Definitions
      At line 121 in file startup_LPC17xx.s
   Uses
      At line 129 in file startup_LPC17xx.s
Comment: Item_list used once
Item_not_found 000001A4

Symbol: Item_not_found
   Definitions
      At line 177 in file startup_LPC17xx.s
   Uses
      At line 154 in file startup_LPC17xx.s
Comment: Item_not_found used once
Iteration 00000150

Symbol: Iteration
   Definitions
      At line 147 in file startup_LPC17xx.s
   Uses
      At line 175 in file startup_LPC17xx.s
Comment: Iteration used once
MCPWM_IRQHandler 00000220

Symbol: MCPWM_IRQHandler



ARM Macro Assembler    Page 5 Alphabetic symbol ordering
Relocatable symbols

   Definitions
      At line 335 in file startup_LPC17xx.s
   Uses
      At line 90 in file startup_LPC17xx.s
      At line 299 in file startup_LPC17xx.s

MemManage_Handler 00000212

Symbol: MemManage_Handler
   Definitions
      At line 235 in file startup_LPC17xx.s
   Uses
      At line 46 in file startup_LPC17xx.s
      At line 236 in file startup_LPC17xx.s

NMI_Handler 0000020E

Symbol: NMI_Handler
   Definitions
      At line 225 in file startup_LPC17xx.s
   Uses
      At line 44 in file startup_LPC17xx.s
      At line 226 in file startup_LPC17xx.s

PLL0_IRQHandler 00000220

Symbol: PLL0_IRQHandler
   Definitions
      At line 321 in file startup_LPC17xx.s
   Uses
      At line 76 in file startup_LPC17xx.s
      At line 285 in file startup_LPC17xx.s

PLL1_IRQHandler 00000220

Symbol: PLL1_IRQHandler
   Definitions
      At line 337 in file startup_LPC17xx.s
   Uses
      At line 92 in file startup_LPC17xx.s
      At line 301 in file startup_LPC17xx.s

PWM1_IRQHandler 00000220

Symbol: PWM1_IRQHandler
   Definitions
      At line 314 in file startup_LPC17xx.s
   Uses
      At line 69 in file startup_LPC17xx.s
      At line 278 in file startup_LPC17xx.s

PendSV_Handler 0000021C

Symbol: PendSV_Handler
   Definitions
      At line 258 in file startup_LPC17xx.s
   Uses
      At line 56 in file startup_LPC17xx.s
      At line 259 in file startup_LPC17xx.s



ARM Macro Assembler    Page 6 Alphabetic symbol ordering
Relocatable symbols


Price_list 00000004

Symbol: Price_list
   Definitions
      At line 113 in file startup_LPC17xx.s
   Uses
      At line 128 in file startup_LPC17xx.s
Comment: Price_list used once
QEI_IRQHandler 00000220

Symbol: QEI_IRQHandler
   Definitions
      At line 336 in file startup_LPC17xx.s
   Uses
      At line 91 in file startup_LPC17xx.s
      At line 300 in file startup_LPC17xx.s

RIT_IRQHandler 00000220

Symbol: RIT_IRQHandler
   Definitions
      At line 334 in file startup_LPC17xx.s
   Uses
      At line 89 in file startup_LPC17xx.s
      At line 298 in file startup_LPC17xx.s

RTC_IRQHandler 00000220

Symbol: RTC_IRQHandler
   Definitions
      At line 322 in file startup_LPC17xx.s
   Uses
      At line 77 in file startup_LPC17xx.s
      At line 286 in file startup_LPC17xx.s

Reset_Handler 00000000

Symbol: Reset_Handler
   Definitions
      At line 108 in file startup_LPC17xx.s
   Uses
      At line 43 in file startup_LPC17xx.s
      At line 109 in file startup_LPC17xx.s
      At line 110 in file startup_LPC17xx.s

SPI_IRQHandler 00000220

Symbol: SPI_IRQHandler
   Definitions
      At line 318 in file startup_LPC17xx.s
   Uses
      At line 73 in file startup_LPC17xx.s
      At line 282 in file startup_LPC17xx.s

SSP0_IRQHandler 00000220

Symbol: SSP0_IRQHandler
   Definitions



ARM Macro Assembler    Page 7 Alphabetic symbol ordering
Relocatable symbols

      At line 319 in file startup_LPC17xx.s
   Uses
      At line 74 in file startup_LPC17xx.s
      At line 283 in file startup_LPC17xx.s

SSP1_IRQHandler 00000220

Symbol: SSP1_IRQHandler
   Definitions
      At line 320 in file startup_LPC17xx.s
   Uses
      At line 75 in file startup_LPC17xx.s
      At line 284 in file startup_LPC17xx.s

SVC_Handler 00000218

Symbol: SVC_Handler
   Definitions
      At line 249 in file startup_LPC17xx.s
   Uses
      At line 53 in file startup_LPC17xx.s
      At line 250 in file startup_LPC17xx.s

Sort 000001AA

Symbol: Sort
   Definitions
      At line 188 in file startup_LPC17xx.s
   Uses
      At line 145 in file startup_LPC17xx.s
Comment: Sort used once
SysTick_Handler 0000021E

Symbol: SysTick_Handler
   Definitions
      At line 262 in file startup_LPC17xx.s
   Uses
      At line 57 in file startup_LPC17xx.s
      At line 263 in file startup_LPC17xx.s

TIMER0_IRQHandler 00000220

Symbol: TIMER0_IRQHandler
   Definitions
      At line 306 in file startup_LPC17xx.s
   Uses
      At line 61 in file startup_LPC17xx.s
      At line 270 in file startup_LPC17xx.s

TIMER1_IRQHandler 00000220

Symbol: TIMER1_IRQHandler
   Definitions
      At line 307 in file startup_LPC17xx.s
   Uses
      At line 62 in file startup_LPC17xx.s
      At line 271 in file startup_LPC17xx.s

TIMER2_IRQHandler 00000220



ARM Macro Assembler    Page 8 Alphabetic symbol ordering
Relocatable symbols


Symbol: TIMER2_IRQHandler
   Definitions
      At line 308 in file startup_LPC17xx.s
   Uses
      At line 63 in file startup_LPC17xx.s
      At line 272 in file startup_LPC17xx.s

TIMER3_IRQHandler 00000220

Symbol: TIMER3_IRQHandler
   Definitions
      At line 309 in file startup_LPC17xx.s
   Uses
      At line 64 in file startup_LPC17xx.s
      At line 273 in file startup_LPC17xx.s

UART0_IRQHandler 00000220

Symbol: UART0_IRQHandler
   Definitions
      At line 310 in file startup_LPC17xx.s
   Uses
      At line 65 in file startup_LPC17xx.s
      At line 274 in file startup_LPC17xx.s

UART1_IRQHandler 00000220

Symbol: UART1_IRQHandler
   Definitions
      At line 311 in file startup_LPC17xx.s
   Uses
      At line 66 in file startup_LPC17xx.s
      At line 275 in file startup_LPC17xx.s

UART2_IRQHandler 00000220

Symbol: UART2_IRQHandler
   Definitions
      At line 312 in file startup_LPC17xx.s
   Uses
      At line 67 in file startup_LPC17xx.s
      At line 276 in file startup_LPC17xx.s

UART3_IRQHandler 00000220

Symbol: UART3_IRQHandler
   Definitions
      At line 313 in file startup_LPC17xx.s
   Uses
      At line 68 in file startup_LPC17xx.s
      At line 277 in file startup_LPC17xx.s

USBActivity_IRQHandler 00000220

Symbol: USBActivity_IRQHandler
   Definitions
      At line 338 in file startup_LPC17xx.s
   Uses



ARM Macro Assembler    Page 9 Alphabetic symbol ordering
Relocatable symbols

      At line 93 in file startup_LPC17xx.s
      At line 302 in file startup_LPC17xx.s

USB_IRQHandler 00000220

Symbol: USB_IRQHandler
   Definitions
      At line 329 in file startup_LPC17xx.s
   Uses
      At line 84 in file startup_LPC17xx.s
      At line 293 in file startup_LPC17xx.s

UsageFault_Handler 00000216

Symbol: UsageFault_Handler
   Definitions
      At line 245 in file startup_LPC17xx.s
   Uses
      At line 48 in file startup_LPC17xx.s
      At line 246 in file startup_LPC17xx.s

Use_Result 00000184

Symbol: Use_Result
   Definitions
      At line 165 in file startup_LPC17xx.s
   Uses
      At line 160 in file startup_LPC17xx.s
Comment: Use_Result used once
WDT_IRQHandler 00000220

Symbol: WDT_IRQHandler
   Definitions
      At line 305 in file startup_LPC17xx.s
   Uses
      At line 60 in file startup_LPC17xx.s
      At line 269 in file startup_LPC17xx.s

endInternalLoop 00000204

Symbol: endInternalLoop
   Definitions
      At line 217 in file startup_LPC17xx.s
   Uses
      At line 201 in file startup_LPC17xx.s
Comment: endInternalLoop used once
endSort 0000020A

Symbol: endSort
   Definitions
      At line 220 in file startup_LPC17xx.s
   Uses
      At line 196 in file startup_LPC17xx.s
Comment: endSort used once
internalLoop 000001C6

Symbol: internalLoop
   Definitions
      At line 198 in file startup_LPC17xx.s



ARM Macro Assembler    Page 10 Alphabetic symbol ordering
Relocatable symbols

   Uses
      At line 216 in file startup_LPC17xx.s
Comment: internalLoop used once
loop 000001BE

Symbol: loop
   Definitions
      At line 194 in file startup_LPC17xx.s
   Uses
      At line 219 in file startup_LPC17xx.s
Comment: loop used once
62 symbols



ARM Macro Assembler    Page 1 Alphabetic symbol ordering
Absolute symbols

Heap_Size 00000200

Symbol: Heap_Size
   Definitions
      At line 25 in file startup_LPC17xx.s
   Uses
      At line 29 in file startup_LPC17xx.s
Comment: Heap_Size used once
Stack_Size 00000200

Symbol: Stack_Size
   Definitions
      At line 14 in file startup_LPC17xx.s
   Uses
      At line 17 in file startup_LPC17xx.s
Comment: Stack_Size used once
2 symbols
403 symbols in table
