


ARM Macro Assembler    Page 1 


    1 00000000         ;            Computer Architectures - 02LSEOV 02LSEOQ   
                                ;
    2 00000000         ; author:   Paolo BERNARDI - Politecnico di Torino      
                            ;
    3 00000000         ; creation:  11 November 2018         ;
    4 00000000         ; last update:  13 November 2018         ;
    5 00000000         ; functionalities:             ;
    6 00000000         ;  nothing but bringing to the reset handler     ;
    7 00000000         
    8 00000000         ; *------- <<< Use Configuration Wizard in Context Menu 
                       >>> ------------------
    9 00000000         
   10 00000000         ; <h> Stack Configuration
   11 00000000         ;   <o> Stack Size (in Bytes) <0x0-0xFFFFFFFF:8>
   12 00000000         ; </h>
   13 00000000         
   14 00000000 00000200 
                       Stack_Size
                               EQU              0x00000200
   15 00000000         
   16 00000000                 AREA             STACK, NOINIT, READWRITE, ALIGN
=3
   17 00000000         Stack_Mem
                               SPACE            Stack_Size
   18 00000200         __initial_sp
   19 00000200         
   20 00000200         
   21 00000200         ; <h> Heap Configuration
   22 00000200         ;   <o>  Heap Size (in Bytes) <0x0-0xFFFFFFFF:8>
   23 00000200         ; </h>
   24 00000200         
   25 00000200 00000200 
                       Heap_Size
                               EQU              0x00000200
   26 00000200         
   27 00000200                 AREA             HEAP, NOINIT, READWRITE, ALIGN=
3
   28 00000000         __heap_base
   29 00000000         Heap_Mem
                               SPACE            Heap_Size
   30 00000200         __heap_limit
   31 00000200         
   32 00000200         
   33 00000200                 PRESERVE8
   34 00000200                 THUMB
   35 00000200         
   36 00000200         
   37 00000200         ; Vector Table Mapped to Address 0 at Reset
   38 00000200         
   39 00000200                 AREA             RESET, DATA, READONLY
   40 00000000                 EXPORT           __Vectors
   41 00000000         
   42 00000000 00000000 
                       __Vectors
                               DCD              __initial_sp ; Top of Stack
   43 00000004 00000000        DCD              Reset_Handler ; Reset Handler
   44 00000008 00000000        DCD              NMI_Handler ; NMI Handler
   45 0000000C 00000000        DCD              HardFault_Handler ; Hard Fault 
                                                            Handler



ARM Macro Assembler    Page 2 


   46 00000010 00000000        DCD              MemManage_Handler 
                                                            ; MPU Fault Handler
                                                            
   47 00000014 00000000        DCD              BusFault_Handler 
                                                            ; Bus Fault Handler
                                                            
   48 00000018 00000000        DCD              UsageFault_Handler ; Usage Faul
                                                            t Handler
   49 0000001C 00000000        DCD              0           ; Reserved
   50 00000020 00000000        DCD              0           ; Reserved
   51 00000024 00000000        DCD              0           ; Reserved
   52 00000028 00000000        DCD              0           ; Reserved
   53 0000002C 00000000        DCD              SVC_Handler ; SVCall Handler
   54 00000030 00000000        DCD              DebugMon_Handler ; Debug Monito
                                                            r Handler
   55 00000034 00000000        DCD              0           ; Reserved
   56 00000038 00000000        DCD              PendSV_Handler ; PendSV Handler
                                                            
   57 0000003C 00000000        DCD              SysTick_Handler 
                                                            ; SysTick Handler
   58 00000040         
   59 00000040         ; External Interrupts
   60 00000040 00000000        DCD              WDT_IRQHandler ; 16: Watchdog T
                                                            imer
   61 00000044 00000000        DCD              TIMER0_IRQHandler ; 17: Timer0
   62 00000048 00000000        DCD              TIMER1_IRQHandler ; 18: Timer1
   63 0000004C 00000000        DCD              TIMER2_IRQHandler ; 19: Timer2
   64 00000050 00000000        DCD              TIMER3_IRQHandler ; 20: Timer3
   65 00000054 00000000        DCD              UART0_IRQHandler ; 21: UART0
   66 00000058 00000000        DCD              UART1_IRQHandler ; 22: UART1
   67 0000005C 00000000        DCD              UART2_IRQHandler ; 23: UART2
   68 00000060 00000000        DCD              UART3_IRQHandler ; 24: UART3
   69 00000064 00000000        DCD              PWM1_IRQHandler ; 25: PWM1
   70 00000068 00000000        DCD              I2C0_IRQHandler ; 26: I2C0
   71 0000006C 00000000        DCD              I2C1_IRQHandler ; 27: I2C1
   72 00000070 00000000        DCD              I2C2_IRQHandler ; 28: I2C2
   73 00000074 00000000        DCD              SPI_IRQHandler ; 29: SPI
   74 00000078 00000000        DCD              SSP0_IRQHandler ; 30: SSP0
   75 0000007C 00000000        DCD              SSP1_IRQHandler ; 31: SSP1
   76 00000080 00000000        DCD              PLL0_IRQHandler ; 32: PLL0 Lock
                                                             (Main PLL)
   77 00000084 00000000        DCD              RTC_IRQHandler ; 33: Real Time 
                                                            Clock
   78 00000088 00000000        DCD              EINT0_IRQHandler ; 34: External
                                                             Interrupt 0
   79 0000008C 00000000        DCD              EINT1_IRQHandler ; 35: External
                                                             Interrupt 1
   80 00000090 00000000        DCD              EINT2_IRQHandler ; 36: External
                                                             Interrupt 2
   81 00000094 00000000        DCD              EINT3_IRQHandler ; 37: External
                                                             Interrupt 3
   82 00000098 00000000        DCD              ADC_IRQHandler 
                                                            ; 38: A/D Converter
                                                            
   83 0000009C 00000000        DCD              BOD_IRQHandler ; 39: Brown-Out 
                                                            Detect
   84 000000A0 00000000        DCD              USB_IRQHandler ; 40: USB
   85 000000A4 00000000        DCD              CAN_IRQHandler ; 41: CAN
   86 000000A8 00000000        DCD              DMA_IRQHandler ; 42: General Pu



ARM Macro Assembler    Page 3 


                                                            rpose DMA
   87 000000AC 00000000        DCD              I2S_IRQHandler ; 43: I2S
   88 000000B0 00000000        DCD              ENET_IRQHandler ; 44: Ethernet
   89 000000B4 00000000        DCD              RIT_IRQHandler ; 45: Repetitive
                                                             Interrupt Timer
   90 000000B8 00000000        DCD              MCPWM_IRQHandler ; 46: Motor Co
                                                            ntrol PWM
   91 000000BC 00000000        DCD              QEI_IRQHandler ; 47: Quadrature
                                                             Encoder Interface
   92 000000C0 00000000        DCD              PLL1_IRQHandler ; 48: PLL1 Lock
                                                             (USB PLL)
   93 000000C4 00000000        DCD              USBActivity_IRQHandler ; 49: US
                                                            B Activity interrup
                                                            t to wakeup
   94 000000C8 00000000        DCD              CANActivity_IRQHandler ; 50: CA
                                                            N Activity interrup
                                                            t to wakeup
   95 000000CC         
   96 000000CC         
   97 000000CC                 IF               :LNOT::DEF:NO_CRP
   98 000000CC                 AREA             |.ARM.__at_0x02FC|, CODE, READO
NLY
   99 00000000 FFFFFFFF 
                       CRP_Key DCD              0xFFFFFFFF
  100 00000004                 ENDIF
  101 00000004         
  102 00000004         
  103 00000004                 AREA             |.text|, CODE, READONLY
  104 00000000         
  105 00000000         
  106 00000000         ; Reset Handler
  107 00000000         
  108 00000000         Reset_Handler
                               PROC
  109 00000000                 EXPORT           Reset_Handler             [WEAK
]
  110 00000000 4863            LDR              R0, =Reset_Handler
  111 00000002         
  112 00000002         ; your code here
  113 00000002 00 00 00000004 
              00000078 
              00000006 
              0000013B 
              00000007 
              000004BA 
              0000000A 
              000000F5 Price_list
                               DCD              0x004, 120, 0x006, 315, 0x007, 
1210, 0x00A, 245
  114 00000024 00000010 
              000000E4 
              00000012 
              00000007 
              00000016 
              000002D2 
              00000017 
              000004C1         DCD              0x010, 228, 0x012, 7, 0x016, 72
2, 0x017, 1217
  115 00000044 00000018 



ARM Macro Assembler    Page 4 


              0000008A 
              0000001A 
              000008AE 
              0000001B 
              00000022 
              0000001E 
              0000000B         DCD              0x018, 138, 0x01A, 2222, 0x01B,
 34, 0x01E, 11
  116 00000064 00000022 
              000000DF 
              00000023 
              000004E1 
              00000025 
              000000F0 
              00000027 
              00000070         DCD              0x022, 223, 0x023, 1249, 0x025,
 240, 0x027, 112
  117 00000084 0000002C 
              000008C5 
              0000002D 
              0000019A 
              00000031 
              00000348 
              00000033 
              000003B1         DCD              0x02C, 2245, 0x02D, 410, 0x031,
 840, 0x033, 945
  118 000000A4 00000036 
              00000C8B 
              00000039 
              00000070 
              0000003C 
              000002CF 
              0000003E 
              00000295         DCD              0x036, 3211, 0x039, 112, 0x03C,
 719, 0x03E, 661
  119 000000C4 00000042 
              000000E6 
              00000045 
              00000458 
              00000047 
              00000A43 
              0000004A 
              00000109         DCD              0x042, 230, 0x045, 1112, 0x047,
 2627 , 0x04A, 265
  120 000000E4         
  121 000000E4 00000022 
              0000000E 
              00000006 
              000001AF 
              0000003E 
              000004BA 
              00000017 
              0000DC16 Item_list
                               DCD              0x022, 14, 0x006, 431, 0x03E, 1
210, 0x017, 56342
  122 00000104         
  123 00000104 F04F 0008       MOV              R0, #8      ;item struct size
  124 00000108 F04F 0104       MOV              R1, #4      ;number of elements
                                                             in the list



ARM Macro Assembler    Page 5 


  125 0000010C F04F 0200       MOV              R2, #0      ;current element
  126 00000110 F04F 0A00       MOV              R10,#0      ;tot=0
  127 00000114 FB00 F901       MUL              R9,R0,R1
  128 00000118 F8DF B078       LDR              R11,=Price_list
  129 0000011C F8DF C078       LDR              R12,=Item_list
  130 00000120         Iteration
  131 00000120 F04F 0300       MOV              R3, #0      ;first
  132 00000124 F04F 041B       MOV              R4, #27     ;last
  133 00000128 F04F 0500       MOV              R5, #0      ;middle
  134 0000012C F85C 6002       LDR              R6,[R12,R2]
  135 00000130         Bynary_search
  136 00000130 42A3            cmp              R3,R4
  137 00000132 DC1F            BGT              Item_not_found
  138 00000134 EB03 0504       ADD              R5,R3,R4
  139 00000138 EA4F 0555       MOV              R5,R5, LSR #1
  140 0000013C FB05 F800       MUL              R8,R5,R0    ;index
  141 00000140 F85B 7008       LDR              R7,[R11,R8] ;reading from matri
                                                            x
  142 00000144 42BE            cmp              R6,R7       ;key check
  143 00000146 D005            BEQ              Use_Result
  144 00000148 BFB8 F105 
              34FF             ADDLT            R4,R5,#-1
  145 0000014E BFC8 1C6B       ADDGT            R3,R5,#+1
  146 00000152 E7ED            B                Bynary_search
  147 00000154         
  148 00000154         Use_Result
  149 00000154 F108 0804       ADD              R8, #4
  150 00000158 F102 0204       ADD              R2, #4
  151 0000015C F85C 6002       LDR              R6, [R12,R2] ;get item quantity
                                                            
  152 00000160 F85B 7008       LDR              R7, [R11,R8] ;get item price
  153 00000164 FB06 F807       MUL              R8, R6, R7
  154 00000168 44C2            ADD              R10, R8
  155 0000016A F102 0204       ADD              R2, #4
  156 0000016E 454A            CMP              R2,R9       ;loop closing check
                                                            ing
  157 00000170 D002            BEQ              End_Program
  158 00000172 E7D5            B                Iteration
  159 00000174         
  160 00000174         Item_not_found
  161 00000174 F04F 0A00       MOV              R10,#0
  162 00000178         
  163 00000178         End_Program
  164 00000178         
  165 00000178 E7FE    InfLoop B                InfLoop
  166 0000017A                 ENDP
  167 0000017A         
  168 0000017A         
  169 0000017A         ; Dummy Exception Handlers (infinite loops which can be 
                       modified)
  170 0000017A         
  171 0000017A         NMI_Handler
                               PROC
  172 0000017A                 EXPORT           NMI_Handler               [WEAK
]
  173 0000017A E7FE            B                .
  174 0000017C                 ENDP
  176 0000017C         HardFault_Handler
                               PROC



ARM Macro Assembler    Page 6 


  177 0000017C                 EXPORT           HardFault_Handler         [WEAK
]
  178 0000017C E7FE            B                .
  179 0000017E                 ENDP
  181 0000017E         MemManage_Handler
                               PROC
  182 0000017E                 EXPORT           MemManage_Handler         [WEAK
]
  183 0000017E E7FE            B                .
  184 00000180                 ENDP
  186 00000180         BusFault_Handler
                               PROC
  187 00000180                 EXPORT           BusFault_Handler          [WEAK
]
  188 00000180 E7FE            B                .
  189 00000182                 ENDP
  191 00000182         UsageFault_Handler
                               PROC
  192 00000182                 EXPORT           UsageFault_Handler        [WEAK
]
  193 00000182 E7FE            B                .
  194 00000184                 ENDP
  195 00000184         SVC_Handler
                               PROC
  196 00000184                 EXPORT           SVC_Handler               [WEAK
]
  197 00000184 E7FE            B                .
  198 00000186                 ENDP
  200 00000186         DebugMon_Handler
                               PROC
  201 00000186                 EXPORT           DebugMon_Handler          [WEAK
]
  202 00000186 E7FE            B                .
  203 00000188                 ENDP
  204 00000188         PendSV_Handler
                               PROC
  205 00000188                 EXPORT           PendSV_Handler            [WEAK
]
  206 00000188 E7FE            B                .
  207 0000018A                 ENDP
  208 0000018A         SysTick_Handler
                               PROC
  209 0000018A                 EXPORT           SysTick_Handler           [WEAK
]
  210 0000018A E7FE            B                .
  211 0000018C                 ENDP
  212 0000018C         
  213 0000018C         Default_Handler
                               PROC
  214 0000018C         
  215 0000018C                 EXPORT           WDT_IRQHandler            [WEAK
]
  216 0000018C                 EXPORT           TIMER0_IRQHandler         [WEAK
]
  217 0000018C                 EXPORT           TIMER1_IRQHandler         [WEAK
]
  218 0000018C                 EXPORT           TIMER2_IRQHandler         [WEAK
]
  219 0000018C                 EXPORT           TIMER3_IRQHandler         [WEAK



ARM Macro Assembler    Page 7 


]
  220 0000018C                 EXPORT           UART0_IRQHandler          [WEAK
]
  221 0000018C                 EXPORT           UART1_IRQHandler          [WEAK
]
  222 0000018C                 EXPORT           UART2_IRQHandler          [WEAK
]
  223 0000018C                 EXPORT           UART3_IRQHandler          [WEAK
]
  224 0000018C                 EXPORT           PWM1_IRQHandler           [WEAK
]
  225 0000018C                 EXPORT           I2C0_IRQHandler           [WEAK
]
  226 0000018C                 EXPORT           I2C1_IRQHandler           [WEAK
]
  227 0000018C                 EXPORT           I2C2_IRQHandler           [WEAK
]
  228 0000018C                 EXPORT           SPI_IRQHandler            [WEAK
]
  229 0000018C                 EXPORT           SSP0_IRQHandler           [WEAK
]
  230 0000018C                 EXPORT           SSP1_IRQHandler           [WEAK
]
  231 0000018C                 EXPORT           PLL0_IRQHandler           [WEAK
]
  232 0000018C                 EXPORT           RTC_IRQHandler            [WEAK
]
  233 0000018C                 EXPORT           EINT0_IRQHandler          [WEAK
]
  234 0000018C                 EXPORT           EINT1_IRQHandler          [WEAK
]
  235 0000018C                 EXPORT           EINT2_IRQHandler          [WEAK
]
  236 0000018C                 EXPORT           EINT3_IRQHandler          [WEAK
]
  237 0000018C                 EXPORT           ADC_IRQHandler            [WEAK
]
  238 0000018C                 EXPORT           BOD_IRQHandler            [WEAK
]
  239 0000018C                 EXPORT           USB_IRQHandler            [WEAK
]
  240 0000018C                 EXPORT           CAN_IRQHandler            [WEAK
]
  241 0000018C                 EXPORT           DMA_IRQHandler            [WEAK
]
  242 0000018C                 EXPORT           I2S_IRQHandler            [WEAK
]
  243 0000018C                 EXPORT           ENET_IRQHandler           [WEAK
]
  244 0000018C                 EXPORT           RIT_IRQHandler            [WEAK
]
  245 0000018C                 EXPORT           MCPWM_IRQHandler          [WEAK
]
  246 0000018C                 EXPORT           QEI_IRQHandler            [WEAK
]
  247 0000018C                 EXPORT           PLL1_IRQHandler           [WEAK
]
  248 0000018C                 EXPORT           USBActivity_IRQHandler    [WEAK
]



ARM Macro Assembler    Page 8 


  249 0000018C                 EXPORT           CANActivity_IRQHandler    [WEAK
]
  250 0000018C         
  251 0000018C         WDT_IRQHandler
  252 0000018C         TIMER0_IRQHandler
  253 0000018C         TIMER1_IRQHandler
  254 0000018C         TIMER2_IRQHandler
  255 0000018C         TIMER3_IRQHandler
  256 0000018C         UART0_IRQHandler
  257 0000018C         UART1_IRQHandler
  258 0000018C         UART2_IRQHandler
  259 0000018C         UART3_IRQHandler
  260 0000018C         PWM1_IRQHandler
  261 0000018C         I2C0_IRQHandler
  262 0000018C         I2C1_IRQHandler
  263 0000018C         I2C2_IRQHandler
  264 0000018C         SPI_IRQHandler
  265 0000018C         SSP0_IRQHandler
  266 0000018C         SSP1_IRQHandler
  267 0000018C         PLL0_IRQHandler
  268 0000018C         RTC_IRQHandler
  269 0000018C         EINT0_IRQHandler
  270 0000018C         EINT1_IRQHandler
  271 0000018C         EINT2_IRQHandler
  272 0000018C         EINT3_IRQHandler
  273 0000018C         ADC_IRQHandler
  274 0000018C         BOD_IRQHandler
  275 0000018C         USB_IRQHandler
  276 0000018C         CAN_IRQHandler
  277 0000018C         DMA_IRQHandler
  278 0000018C         I2S_IRQHandler
  279 0000018C         ENET_IRQHandler
  280 0000018C         RIT_IRQHandler
  281 0000018C         MCPWM_IRQHandler
  282 0000018C         QEI_IRQHandler
  283 0000018C         PLL1_IRQHandler
  284 0000018C         USBActivity_IRQHandler
  285 0000018C         CANActivity_IRQHandler
  286 0000018C         
  287 0000018C E7FE            B                .
  288 0000018E         
  289 0000018E                 ENDP
  290 0000018E         
  291 0000018E         
  292 0000018E 00 00           ALIGN
  293 00000190         
  294 00000190         
  295 00000190         ; User Initial Stack & Heap
  296 00000190         
  297 00000190                 EXPORT           __initial_sp
  298 00000190                 EXPORT           __heap_base
  299 00000190                 EXPORT           __heap_limit
  300 00000190         
  301 00000190                 END
              00000000 
              00000000 
              00000000 
Command Line: --debug --xref --cpu=Cortex-M3 --apcs=interwork --depend=es1.d -o
es1.o -I"C:\Program Files (x86)\Keil\ARM\INC" -I"C:\Program Files (x86)\Keil\AR



ARM Macro Assembler    Page 9 


M\INC\NXP\LPC17xx" --predefine="__EVAL SETA 1" --list=es1.lst es1.s



ARM Macro Assembler    Page 1 Alphabetic symbol ordering
Relocatable symbols

STACK 00000000

Symbol: STACK
   Definitions
      At line 16 in file es1.s
   Uses
      None
Comment: STACK unused
Stack_Mem 00000000

Symbol: Stack_Mem
   Definitions
      At line 17 in file es1.s
   Uses
      None
Comment: Stack_Mem unused
__initial_sp 00000200

Symbol: __initial_sp
   Definitions
      At line 18 in file es1.s
   Uses
      At line 42 in file es1.s
      At line 297 in file es1.s

3 symbols



ARM Macro Assembler    Page 1 Alphabetic symbol ordering
Relocatable symbols

HEAP 00000000

Symbol: HEAP
   Definitions
      At line 27 in file es1.s
   Uses
      None
Comment: HEAP unused
Heap_Mem 00000000

Symbol: Heap_Mem
   Definitions
      At line 29 in file es1.s
   Uses
      None
Comment: Heap_Mem unused
__heap_base 00000000

Symbol: __heap_base
   Definitions
      At line 28 in file es1.s
   Uses
      At line 298 in file es1.s
Comment: __heap_base used once
__heap_limit 00000200

Symbol: __heap_limit
   Definitions
      At line 30 in file es1.s
   Uses
      At line 299 in file es1.s
Comment: __heap_limit used once
4 symbols



ARM Macro Assembler    Page 1 Alphabetic symbol ordering
Relocatable symbols

RESET 00000000

Symbol: RESET
   Definitions
      At line 39 in file es1.s
   Uses
      None
Comment: RESET unused
__Vectors 00000000

Symbol: __Vectors
   Definitions
      At line 42 in file es1.s
   Uses
      At line 40 in file es1.s
Comment: __Vectors used once
2 symbols



ARM Macro Assembler    Page 1 Alphabetic symbol ordering
Relocatable symbols

.ARM.__at_0x02FC 00000000

Symbol: .ARM.__at_0x02FC
   Definitions
      At line 98 in file es1.s
   Uses
      None
Comment: .ARM.__at_0x02FC unused
CRP_Key 00000000

Symbol: CRP_Key
   Definitions
      At line 99 in file es1.s
   Uses
      None
Comment: CRP_Key unused
2 symbols



ARM Macro Assembler    Page 1 Alphabetic symbol ordering
Relocatable symbols

.text 00000000

Symbol: .text
   Definitions
      At line 103 in file es1.s
   Uses
      None
Comment: .text unused
ADC_IRQHandler 0000018C

Symbol: ADC_IRQHandler
   Definitions
      At line 273 in file es1.s
   Uses
      At line 82 in file es1.s
      At line 237 in file es1.s

BOD_IRQHandler 0000018C

Symbol: BOD_IRQHandler
   Definitions
      At line 274 in file es1.s
   Uses
      At line 83 in file es1.s
      At line 238 in file es1.s

BusFault_Handler 00000180

Symbol: BusFault_Handler
   Definitions
      At line 186 in file es1.s
   Uses
      At line 47 in file es1.s
      At line 187 in file es1.s

Bynary_search 00000130

Symbol: Bynary_search
   Definitions
      At line 135 in file es1.s
   Uses
      At line 146 in file es1.s
Comment: Bynary_search used once
CANActivity_IRQHandler 0000018C

Symbol: CANActivity_IRQHandler
   Definitions
      At line 285 in file es1.s
   Uses
      At line 94 in file es1.s
      At line 249 in file es1.s

CAN_IRQHandler 0000018C

Symbol: CAN_IRQHandler
   Definitions
      At line 276 in file es1.s
   Uses
      At line 85 in file es1.s



ARM Macro Assembler    Page 2 Alphabetic symbol ordering
Relocatable symbols

      At line 240 in file es1.s

DMA_IRQHandler 0000018C

Symbol: DMA_IRQHandler
   Definitions
      At line 277 in file es1.s
   Uses
      At line 86 in file es1.s
      At line 241 in file es1.s

DebugMon_Handler 00000186

Symbol: DebugMon_Handler
   Definitions
      At line 200 in file es1.s
   Uses
      At line 54 in file es1.s
      At line 201 in file es1.s

Default_Handler 0000018C

Symbol: Default_Handler
   Definitions
      At line 213 in file es1.s
   Uses
      None
Comment: Default_Handler unused
EINT0_IRQHandler 0000018C

Symbol: EINT0_IRQHandler
   Definitions
      At line 269 in file es1.s
   Uses
      At line 78 in file es1.s
      At line 233 in file es1.s

EINT1_IRQHandler 0000018C

Symbol: EINT1_IRQHandler
   Definitions
      At line 270 in file es1.s
   Uses
      At line 79 in file es1.s
      At line 234 in file es1.s

EINT2_IRQHandler 0000018C

Symbol: EINT2_IRQHandler
   Definitions
      At line 271 in file es1.s
   Uses
      At line 80 in file es1.s
      At line 235 in file es1.s

EINT3_IRQHandler 0000018C

Symbol: EINT3_IRQHandler
   Definitions



ARM Macro Assembler    Page 3 Alphabetic symbol ordering
Relocatable symbols

      At line 272 in file es1.s
   Uses
      At line 81 in file es1.s
      At line 236 in file es1.s

ENET_IRQHandler 0000018C

Symbol: ENET_IRQHandler
   Definitions
      At line 279 in file es1.s
   Uses
      At line 88 in file es1.s
      At line 243 in file es1.s

End_Program 00000178

Symbol: End_Program
   Definitions
      At line 163 in file es1.s
   Uses
      At line 157 in file es1.s
Comment: End_Program used once
HardFault_Handler 0000017C

Symbol: HardFault_Handler
   Definitions
      At line 176 in file es1.s
   Uses
      At line 45 in file es1.s
      At line 177 in file es1.s

I2C0_IRQHandler 0000018C

Symbol: I2C0_IRQHandler
   Definitions
      At line 261 in file es1.s
   Uses
      At line 70 in file es1.s
      At line 225 in file es1.s

I2C1_IRQHandler 0000018C

Symbol: I2C1_IRQHandler
   Definitions
      At line 262 in file es1.s
   Uses
      At line 71 in file es1.s
      At line 226 in file es1.s

I2C2_IRQHandler 0000018C

Symbol: I2C2_IRQHandler
   Definitions
      At line 263 in file es1.s
   Uses
      At line 72 in file es1.s
      At line 227 in file es1.s

I2S_IRQHandler 0000018C



ARM Macro Assembler    Page 4 Alphabetic symbol ordering
Relocatable symbols


Symbol: I2S_IRQHandler
   Definitions
      At line 278 in file es1.s
   Uses
      At line 87 in file es1.s
      At line 242 in file es1.s

InfLoop 00000178

Symbol: InfLoop
   Definitions
      At line 165 in file es1.s
   Uses
      At line 165 in file es1.s
Comment: InfLoop used once
Item_list 000000E4

Symbol: Item_list
   Definitions
      At line 121 in file es1.s
   Uses
      At line 129 in file es1.s
Comment: Item_list used once
Item_not_found 00000174

Symbol: Item_not_found
   Definitions
      At line 160 in file es1.s
   Uses
      At line 137 in file es1.s
Comment: Item_not_found used once
Iteration 00000120

Symbol: Iteration
   Definitions
      At line 130 in file es1.s
   Uses
      At line 158 in file es1.s
Comment: Iteration used once
MCPWM_IRQHandler 0000018C

Symbol: MCPWM_IRQHandler
   Definitions
      At line 281 in file es1.s
   Uses
      At line 90 in file es1.s
      At line 245 in file es1.s

MemManage_Handler 0000017E

Symbol: MemManage_Handler
   Definitions
      At line 181 in file es1.s
   Uses
      At line 46 in file es1.s
      At line 182 in file es1.s

NMI_Handler 0000017A



ARM Macro Assembler    Page 5 Alphabetic symbol ordering
Relocatable symbols


Symbol: NMI_Handler
   Definitions
      At line 171 in file es1.s
   Uses
      At line 44 in file es1.s
      At line 172 in file es1.s

PLL0_IRQHandler 0000018C

Symbol: PLL0_IRQHandler
   Definitions
      At line 267 in file es1.s
   Uses
      At line 76 in file es1.s
      At line 231 in file es1.s

PLL1_IRQHandler 0000018C

Symbol: PLL1_IRQHandler
   Definitions
      At line 283 in file es1.s
   Uses
      At line 92 in file es1.s
      At line 247 in file es1.s

PWM1_IRQHandler 0000018C

Symbol: PWM1_IRQHandler
   Definitions
      At line 260 in file es1.s
   Uses
      At line 69 in file es1.s
      At line 224 in file es1.s

PendSV_Handler 00000188

Symbol: PendSV_Handler
   Definitions
      At line 204 in file es1.s
   Uses
      At line 56 in file es1.s
      At line 205 in file es1.s

Price_list 00000004

Symbol: Price_list
   Definitions
      At line 113 in file es1.s
   Uses
      At line 128 in file es1.s
Comment: Price_list used once
QEI_IRQHandler 0000018C

Symbol: QEI_IRQHandler
   Definitions
      At line 282 in file es1.s
   Uses
      At line 91 in file es1.s



ARM Macro Assembler    Page 6 Alphabetic symbol ordering
Relocatable symbols

      At line 246 in file es1.s

RIT_IRQHandler 0000018C

Symbol: RIT_IRQHandler
   Definitions
      At line 280 in file es1.s
   Uses
      At line 89 in file es1.s
      At line 244 in file es1.s

RTC_IRQHandler 0000018C

Symbol: RTC_IRQHandler
   Definitions
      At line 268 in file es1.s
   Uses
      At line 77 in file es1.s
      At line 232 in file es1.s

Reset_Handler 00000000

Symbol: Reset_Handler
   Definitions
      At line 108 in file es1.s
   Uses
      At line 43 in file es1.s
      At line 109 in file es1.s
      At line 110 in file es1.s

SPI_IRQHandler 0000018C

Symbol: SPI_IRQHandler
   Definitions
      At line 264 in file es1.s
   Uses
      At line 73 in file es1.s
      At line 228 in file es1.s

SSP0_IRQHandler 0000018C

Symbol: SSP0_IRQHandler
   Definitions
      At line 265 in file es1.s
   Uses
      At line 74 in file es1.s
      At line 229 in file es1.s

SSP1_IRQHandler 0000018C

Symbol: SSP1_IRQHandler
   Definitions
      At line 266 in file es1.s
   Uses
      At line 75 in file es1.s
      At line 230 in file es1.s

SVC_Handler 00000184




ARM Macro Assembler    Page 7 Alphabetic symbol ordering
Relocatable symbols

Symbol: SVC_Handler
   Definitions
      At line 195 in file es1.s
   Uses
      At line 53 in file es1.s
      At line 196 in file es1.s

SysTick_Handler 0000018A

Symbol: SysTick_Handler
   Definitions
      At line 208 in file es1.s
   Uses
      At line 57 in file es1.s
      At line 209 in file es1.s

TIMER0_IRQHandler 0000018C

Symbol: TIMER0_IRQHandler
   Definitions
      At line 252 in file es1.s
   Uses
      At line 61 in file es1.s
      At line 216 in file es1.s

TIMER1_IRQHandler 0000018C

Symbol: TIMER1_IRQHandler
   Definitions
      At line 253 in file es1.s
   Uses
      At line 62 in file es1.s
      At line 217 in file es1.s

TIMER2_IRQHandler 0000018C

Symbol: TIMER2_IRQHandler
   Definitions
      At line 254 in file es1.s
   Uses
      At line 63 in file es1.s
      At line 218 in file es1.s

TIMER3_IRQHandler 0000018C

Symbol: TIMER3_IRQHandler
   Definitions
      At line 255 in file es1.s
   Uses
      At line 64 in file es1.s
      At line 219 in file es1.s

UART0_IRQHandler 0000018C

Symbol: UART0_IRQHandler
   Definitions
      At line 256 in file es1.s
   Uses
      At line 65 in file es1.s



ARM Macro Assembler    Page 8 Alphabetic symbol ordering
Relocatable symbols

      At line 220 in file es1.s

UART1_IRQHandler 0000018C

Symbol: UART1_IRQHandler
   Definitions
      At line 257 in file es1.s
   Uses
      At line 66 in file es1.s
      At line 221 in file es1.s

UART2_IRQHandler 0000018C

Symbol: UART2_IRQHandler
   Definitions
      At line 258 in file es1.s
   Uses
      At line 67 in file es1.s
      At line 222 in file es1.s

UART3_IRQHandler 0000018C

Symbol: UART3_IRQHandler
   Definitions
      At line 259 in file es1.s
   Uses
      At line 68 in file es1.s
      At line 223 in file es1.s

USBActivity_IRQHandler 0000018C

Symbol: USBActivity_IRQHandler
   Definitions
      At line 284 in file es1.s
   Uses
      At line 93 in file es1.s
      At line 248 in file es1.s

USB_IRQHandler 0000018C

Symbol: USB_IRQHandler
   Definitions
      At line 275 in file es1.s
   Uses
      At line 84 in file es1.s
      At line 239 in file es1.s

UsageFault_Handler 00000182

Symbol: UsageFault_Handler
   Definitions
      At line 191 in file es1.s
   Uses
      At line 48 in file es1.s
      At line 192 in file es1.s

Use_Result 00000154

Symbol: Use_Result



ARM Macro Assembler    Page 9 Alphabetic symbol ordering
Relocatable symbols

   Definitions
      At line 148 in file es1.s
   Uses
      At line 143 in file es1.s
Comment: Use_Result used once
WDT_IRQHandler 0000018C

Symbol: WDT_IRQHandler
   Definitions
      At line 251 in file es1.s
   Uses
      At line 60 in file es1.s
      At line 215 in file es1.s

55 symbols



ARM Macro Assembler    Page 1 Alphabetic symbol ordering
Absolute symbols

Heap_Size 00000200

Symbol: Heap_Size
   Definitions
      At line 25 in file es1.s
   Uses
      At line 29 in file es1.s
Comment: Heap_Size used once
Stack_Size 00000200

Symbol: Stack_Size
   Definitions
      At line 14 in file es1.s
   Uses
      At line 17 in file es1.s
Comment: Stack_Size used once
2 symbols
396 symbols in table
