


ARM Macro Assembler    Page 1 


    1 00000000         ;            Computer Architectures - 02LSEOV 02LSEOQ   
                                ;
    2 00000000         ; author:   Paolo BERNARDI - Politecnico di Torino      
                            ;
    3 00000000         ; creation:  11 November 2018         ;
    4 00000000         ; last update:  13 November 2018         ;
    5 00000000         ; functionalities:             ;
    6 00000000         ;  nothing but bringing to the reset handler     ;
    7 00000000         
    8 00000000         ; *------- <<< Use Configuration Wizard in Context Menu 
                       >>> ------------------
    9 00000000         
   10 00000000         ; <h> Stack Configuration
   11 00000000         ;   <o> Stack Size (in Bytes) <0x0-0xFFFFFFFF:8>
   12 00000000         ; </h>
   13 00000000         
   14 00000000 00000200 
                       Stack_Size
                               EQU              0x00000200
   15 00000000         
   16 00000000                 AREA             STACK, NOINIT, READWRITE, ALIGN
=3
   17 00000000                 SPACE            Stack_Size/2
   18 00000100         Stack_Process
                               SPACE            Stack_Size/2
   19 00000200         __initial_sp
   20 00000200         
   21 00000200         
   22 00000200         ; <h> Heap Configuration
   23 00000200         ;   <o>  Heap Size (in Bytes) <0x0-0xFFFFFFFF:8>
   24 00000200         ; </h>
   25 00000200         
   26 00000200 00000200 
                       Heap_Size
                               EQU              0x00000200
   27 00000200         
   28 00000200                 AREA             HEAP, NOINIT, READWRITE, ALIGN=
3
   29 00000000         __heap_base
   30 00000000         Heap_Mem
                               SPACE            Heap_Size
   31 00000200         __heap_limit
   32 00000200         
   33 00000200         
   34 00000200                 PRESERVE8
   35 00000200                 THUMB
   36 00000200         
   37 00000200         
   38 00000200         ; Vector Table Mapped to Address 0 at Reset
   39 00000200         
   40 00000200                 AREA             RESET, DATA, READONLY
   41 00000000                 EXPORT           __Vectors
   42 00000000         
   43 00000000 00000000 
                       __Vectors
                               DCD              __initial_sp ; Top of Stack
   44 00000004 00000000        DCD              Reset_Handler ; Reset Handler
   45 00000008 00000000        DCD              NMI_Handler ; NMI Handler
   46 0000000C 00000000        DCD              HardFault_Handler ; Hard Fault 



ARM Macro Assembler    Page 2 


                                                            Handler
   47 00000010 00000000        DCD              MemManage_Handler 
                                                            ; MPU Fault Handler
                                                            
   48 00000014 00000000        DCD              BusFault_Handler 
                                                            ; Bus Fault Handler
                                                            
   49 00000018 00000000        DCD              UsageFault_Handler ; Usage Faul
                                                            t Handler
   50 0000001C 00000000        DCD              0           ; Reserved
   51 00000020 00000000        DCD              0           ; Reserved
   52 00000024 00000000        DCD              0           ; Reserved
   53 00000028 00000000        DCD              0           ; Reserved
   54 0000002C 00000000        DCD              SVC_Handler ; SVCall Handler
   55 00000030 00000000        DCD              DebugMon_Handler ; Debug Monito
                                                            r Handler
   56 00000034 00000000        DCD              0           ; Reserved
   57 00000038 00000000        DCD              PendSV_Handler ; PendSV Handler
                                                            
   58 0000003C 00000000        DCD              SysTick_Handler 
                                                            ; SysTick Handler
   59 00000040         
   60 00000040         ; External Interrupts
   61 00000040 00000000        DCD              WDT_IRQHandler ; 16: Watchdog T
                                                            imer
   62 00000044 00000000        DCD              TIMER0_IRQHandler ; 17: Timer0
   63 00000048 00000000        DCD              TIMER1_IRQHandler ; 18: Timer1
   64 0000004C 00000000        DCD              TIMER2_IRQHandler ; 19: Timer2
   65 00000050 00000000        DCD              TIMER3_IRQHandler ; 20: Timer3
   66 00000054 00000000        DCD              UART0_IRQHandler ; 21: UART0
   67 00000058 00000000        DCD              UART1_IRQHandler ; 22: UART1
   68 0000005C 00000000        DCD              UART2_IRQHandler ; 23: UART2
   69 00000060 00000000        DCD              UART3_IRQHandler ; 24: UART3
   70 00000064 00000000        DCD              PWM1_IRQHandler ; 25: PWM1
   71 00000068 00000000        DCD              I2C0_IRQHandler ; 26: I2C0
   72 0000006C 00000000        DCD              I2C1_IRQHandler ; 27: I2C1
   73 00000070 00000000        DCD              I2C2_IRQHandler ; 28: I2C2
   74 00000074 00000000        DCD              SPI_IRQHandler ; 29: SPI
   75 00000078 00000000        DCD              SSP0_IRQHandler ; 30: SSP0
   76 0000007C 00000000        DCD              SSP1_IRQHandler ; 31: SSP1
   77 00000080 00000000        DCD              PLL0_IRQHandler ; 32: PLL0 Lock
                                                             (Main PLL)
   78 00000084 00000000        DCD              RTC_IRQHandler ; 33: Real Time 
                                                            Clock
   79 00000088 00000000        DCD              EINT0_IRQHandler ; 34: External
                                                             Interrupt 0
   80 0000008C 00000000        DCD              EINT1_IRQHandler ; 35: External
                                                             Interrupt 1
   81 00000090 00000000        DCD              EINT2_IRQHandler ; 36: External
                                                             Interrupt 2
   82 00000094 00000000        DCD              EINT3_IRQHandler ; 37: External
                                                             Interrupt 3
   83 00000098 00000000        DCD              ADC_IRQHandler 
                                                            ; 38: A/D Converter
                                                            
   84 0000009C 00000000        DCD              BOD_IRQHandler ; 39: Brown-Out 
                                                            Detect
   85 000000A0 00000000        DCD              USB_IRQHandler ; 40: USB
   86 000000A4 00000000        DCD              CAN_IRQHandler ; 41: CAN



ARM Macro Assembler    Page 3 


   87 000000A8 00000000        DCD              DMA_IRQHandler ; 42: General Pu
                                                            rpose DMA
   88 000000AC 00000000        DCD              I2S_IRQHandler ; 43: I2S
   89 000000B0 00000000        DCD              ENET_IRQHandler ; 44: Ethernet
   90 000000B4 00000000        DCD              RIT_IRQHandler ; 45: Repetitive
                                                             Interrupt Timer
   91 000000B8 00000000        DCD              MCPWM_IRQHandler ; 46: Motor Co
                                                            ntrol PWM
   92 000000BC 00000000        DCD              QEI_IRQHandler ; 47: Quadrature
                                                             Encoder Interface
   93 000000C0 00000000        DCD              PLL1_IRQHandler ; 48: PLL1 Lock
                                                             (USB PLL)
   94 000000C4 00000000        DCD              USBActivity_IRQHandler ; 49: US
                                                            B Activity interrup
                                                            t to wakeup
   95 000000C8 00000000        DCD              CANActivity_IRQHandler ; 50: CA
                                                            N Activity interrup
                                                            t to wakeup
   96 000000CC         
   97 000000CC         
   98 000000CC                 IF               :LNOT::DEF:NO_CRP
   99 000000CC                 AREA             |.ARM.__at_0x02FC|, CODE, READO
NLY
  100 00000000 FFFFFFFF 
                       CRP_Key DCD              0xFFFFFFFF
  101 00000004                 ENDIF
  102 00000004         
  103 00000004         
  104 00000004                 AREA             |.text|, CODE, READONLY
  105 00000000         
  106 00000000         
  107 00000000         ; Reset Handler
  108 00000000         
  109 00000000         Reset_Handler
                               PROC
  110 00000000                 EXPORT           Reset_Handler             [WEAK
]
  111 00000000 481F            LDR              R0, =Reset_Handler
  112 00000002         
  113 00000002         ; your code here
  114 00000002         
  115 00000002 F04F 0104       MOV              R1,#4
  116 00000006 F04F 0203       MOV              R2,#3
  117 0000000A         
  118 0000000A F04F 0003       MOV              R0,#3
  119 0000000E F380 8814       MSR              CONTROL,R0
  120 00000012 F8DF D070       LDR              SP, =Stack_Process
  121 00000016 DF01            SVC              #1
  122 00000018         
  123 00000018 E7FE    InfLoop B                InfLoop
  124 0000001A                 ENDP
  125 0000001A         
  126 0000001A         
  127 0000001A         ; Dummy Exception Handlers (infinite loops which can be 
                       modified)
  128 0000001A         
  129 0000001A         NMI_Handler
                               PROC
  130 0000001A                 EXPORT           NMI_Handler               [WEAK



ARM Macro Assembler    Page 4 


]
  131 0000001A E7FE            B                .
  132 0000001C                 ENDP
  134 0000001C         HardFault_Handler
                               PROC
  135 0000001C                 EXPORT           HardFault_Handler         [WEAK
]
  136 0000001C E7FE            B                .
  137 0000001E                 ENDP
  139 0000001E         MemManage_Handler
                               PROC
  140 0000001E                 EXPORT           MemManage_Handler         [WEAK
]
  141 0000001E E7FE            B                .
  142 00000020                 ENDP
  144 00000020         BusFault_Handler
                               PROC
  145 00000020                 EXPORT           BusFault_Handler          [WEAK
]
  146 00000020 E7FE            B                .
  147 00000022                 ENDP
  149 00000022         UsageFault_Handler
                               PROC
  150 00000022                 EXPORT           UsageFault_Handler        [WEAK
]
  151 00000022 E7FE            B                .
  152 00000024                 ENDP
  153 00000024         SVC_Handler
                               PROC
  154 00000024                 EXPORT           SVC_Handler               [WEAK
]
  155 00000024         ;MOV R1,SP
  156 00000024 E92D 5FFF       STMFD            SP!, {R0-R12, LR}
  157 00000028 F3EF 8109       MRS              R1, PSP
  158 0000002C 6988            LDR              R0, [R1,#24]
  159 0000002E F850 0C04       LDR              R0, [R0,#-4]
  160 00000032 F020 407F       BIC              R0, #0xFF000000
  161 00000036 EA4F 4010       LSR              R0, #16
  162 0000003A         ;PUSH {R0-R12,LR}
  163 0000003A         
  164 0000003A 2840            CMP              R0,#64
  165 0000003C DB11            BLT              SVC_LT64
  166 0000003E         
  167 0000003E F04F 0300 
                       SVC_GTE64
                               MOV              R3,#0
  168 00000042 F000 0207       AND              R2,R0,#7
  169 00000046         
  170 00000046 F85D 4022       LDR              R4,[SP,R2, LSL #2]
  171 0000004A EA4F 00D0       LSR              R0,#3
  172 0000004E F000 0207       AND              R2,R0,#7
  173 00000052 F85D 3022       LDR              R3,[SP,R2, LSL #2]
  174 00000056         
  175 00000056 42A3    SVC_WHILE
                               CMP              R3,R4
  176 00000058 BFA8 1B1B       SUBGE            R3,R4
  177 0000005C DAFB            BGE              SVC_WHILE
  178 0000005E         
  179 0000005E 9300            STR              R3,[SP]



ARM Macro Assembler    Page 5 


  180 00000060 E007            B                SVC_END
  181 00000062         
  182 00000062 280D    SVC_LT64
                               CMP              R0,#13
  183 00000064 DB01            BLT              SVC_LT13
  184 00000066 BF00            NOP
  185 00000068 E003            B                SVC_END
  186 0000006A         
  187 0000006A F04F 0200 
                       SVC_LT13
                               MOV              R2,#0
  188 0000006E F84D 2020       STR              R2,[SP, R0, LSL #2]
  189 00000072         
  190 00000072 E8BD 5FFF 
                       SVC_END LDMFD            SP!, {R0-R12, LR}
  191 00000076         ;POP {R0-R12, LR}
  192 00000076 4770            BX               LR
  193 00000078                 ENDP
  195 00000078         DebugMon_Handler
                               PROC
  196 00000078                 EXPORT           DebugMon_Handler          [WEAK
]
  197 00000078 E7FE            B                .
  198 0000007A                 ENDP
  199 0000007A         PendSV_Handler
                               PROC
  200 0000007A                 EXPORT           PendSV_Handler            [WEAK
]
  201 0000007A E7FE            B                .
  202 0000007C                 ENDP
  203 0000007C         SysTick_Handler
                               PROC
  204 0000007C                 EXPORT           SysTick_Handler           [WEAK
]
  205 0000007C E7FE            B                .
  206 0000007E                 ENDP
  207 0000007E         
  208 0000007E         Default_Handler
                               PROC
  209 0000007E         
  210 0000007E                 EXPORT           WDT_IRQHandler            [WEAK
]
  211 0000007E                 EXPORT           TIMER0_IRQHandler         [WEAK
]
  212 0000007E                 EXPORT           TIMER1_IRQHandler         [WEAK
]
  213 0000007E                 EXPORT           TIMER2_IRQHandler         [WEAK
]
  214 0000007E                 EXPORT           TIMER3_IRQHandler         [WEAK
]
  215 0000007E                 EXPORT           UART0_IRQHandler          [WEAK
]
  216 0000007E                 EXPORT           UART1_IRQHandler          [WEAK
]
  217 0000007E                 EXPORT           UART2_IRQHandler          [WEAK
]
  218 0000007E                 EXPORT           UART3_IRQHandler          [WEAK
]
  219 0000007E                 EXPORT           PWM1_IRQHandler           [WEAK



ARM Macro Assembler    Page 6 


]
  220 0000007E                 EXPORT           I2C0_IRQHandler           [WEAK
]
  221 0000007E                 EXPORT           I2C1_IRQHandler           [WEAK
]
  222 0000007E                 EXPORT           I2C2_IRQHandler           [WEAK
]
  223 0000007E                 EXPORT           SPI_IRQHandler            [WEAK
]
  224 0000007E                 EXPORT           SSP0_IRQHandler           [WEAK
]
  225 0000007E                 EXPORT           SSP1_IRQHandler           [WEAK
]
  226 0000007E                 EXPORT           PLL0_IRQHandler           [WEAK
]
  227 0000007E                 EXPORT           RTC_IRQHandler            [WEAK
]
  228 0000007E                 EXPORT           EINT0_IRQHandler          [WEAK
]
  229 0000007E                 EXPORT           EINT1_IRQHandler          [WEAK
]
  230 0000007E                 EXPORT           EINT2_IRQHandler          [WEAK
]
  231 0000007E                 EXPORT           EINT3_IRQHandler          [WEAK
]
  232 0000007E                 EXPORT           ADC_IRQHandler            [WEAK
]
  233 0000007E                 EXPORT           BOD_IRQHandler            [WEAK
]
  234 0000007E                 EXPORT           USB_IRQHandler            [WEAK
]
  235 0000007E                 EXPORT           CAN_IRQHandler            [WEAK
]
  236 0000007E                 EXPORT           DMA_IRQHandler            [WEAK
]
  237 0000007E                 EXPORT           I2S_IRQHandler            [WEAK
]
  238 0000007E                 EXPORT           ENET_IRQHandler           [WEAK
]
  239 0000007E                 EXPORT           RIT_IRQHandler            [WEAK
]
  240 0000007E                 EXPORT           MCPWM_IRQHandler          [WEAK
]
  241 0000007E                 EXPORT           QEI_IRQHandler            [WEAK
]
  242 0000007E                 EXPORT           PLL1_IRQHandler           [WEAK
]
  243 0000007E                 EXPORT           USBActivity_IRQHandler    [WEAK
]
  244 0000007E                 EXPORT           CANActivity_IRQHandler    [WEAK
]
  245 0000007E         
  246 0000007E         WDT_IRQHandler
  247 0000007E         TIMER0_IRQHandler
  248 0000007E         TIMER1_IRQHandler
  249 0000007E         TIMER2_IRQHandler
  250 0000007E         TIMER3_IRQHandler
  251 0000007E         UART0_IRQHandler
  252 0000007E         UART1_IRQHandler



ARM Macro Assembler    Page 7 


  253 0000007E         UART2_IRQHandler
  254 0000007E         UART3_IRQHandler
  255 0000007E         PWM1_IRQHandler
  256 0000007E         I2C0_IRQHandler
  257 0000007E         I2C1_IRQHandler
  258 0000007E         I2C2_IRQHandler
  259 0000007E         SPI_IRQHandler
  260 0000007E         SSP0_IRQHandler
  261 0000007E         SSP1_IRQHandler
  262 0000007E         PLL0_IRQHandler
  263 0000007E         RTC_IRQHandler
  264 0000007E         EINT0_IRQHandler
  265 0000007E         EINT1_IRQHandler
  266 0000007E         EINT2_IRQHandler
  267 0000007E         EINT3_IRQHandler
  268 0000007E         ADC_IRQHandler
  269 0000007E         BOD_IRQHandler
  270 0000007E         USB_IRQHandler
  271 0000007E         CAN_IRQHandler
  272 0000007E         DMA_IRQHandler
  273 0000007E         I2S_IRQHandler
  274 0000007E         ENET_IRQHandler
  275 0000007E         RIT_IRQHandler
  276 0000007E         MCPWM_IRQHandler
  277 0000007E         QEI_IRQHandler
  278 0000007E         PLL1_IRQHandler
  279 0000007E         USBActivity_IRQHandler
  280 0000007E         CANActivity_IRQHandler
  281 0000007E         
  282 0000007E E7FE            B                .
  283 00000080         
  284 00000080                 ENDP
  285 00000080         
  286 00000080         
  287 00000080                 ALIGN
  288 00000080         
  289 00000080         
  290 00000080         ; User Initial Stack & Heap
  291 00000080         
  292 00000080                 EXPORT           __initial_sp
  293 00000080                 EXPORT           __heap_base
  294 00000080                 EXPORT           __heap_limit
  295 00000080         
  296 00000080                 END
              00000000 
              00000000 
Command Line: --debug --xref --cpu=Cortex-M3 --apcs=interwork --depend=lab_08.d
 -olab_08.o -I"C:\Program Files (x86)\Keil\ARM\INC" -I"C:\Program Files (x86)\K
eil\ARM\INC\NXP\LPC17xx" --predefine="__EVAL SETA 1" --list=lab_08.lst lab_08.s



ARM Macro Assembler    Page 1 Alphabetic symbol ordering
Relocatable symbols

STACK 00000000

Symbol: STACK
   Definitions
      At line 16 in file lab_08.s
   Uses
      None
Comment: STACK unused
Stack_Process 00000100

Symbol: Stack_Process
   Definitions
      At line 18 in file lab_08.s
   Uses
      At line 120 in file lab_08.s
Comment: Stack_Process used once
__initial_sp 00000200

Symbol: __initial_sp
   Definitions
      At line 19 in file lab_08.s
   Uses
      At line 43 in file lab_08.s
      At line 292 in file lab_08.s

3 symbols



ARM Macro Assembler    Page 1 Alphabetic symbol ordering
Relocatable symbols

HEAP 00000000

Symbol: HEAP
   Definitions
      At line 28 in file lab_08.s
   Uses
      None
Comment: HEAP unused
Heap_Mem 00000000

Symbol: Heap_Mem
   Definitions
      At line 30 in file lab_08.s
   Uses
      None
Comment: Heap_Mem unused
__heap_base 00000000

Symbol: __heap_base
   Definitions
      At line 29 in file lab_08.s
   Uses
      At line 293 in file lab_08.s
Comment: __heap_base used once
__heap_limit 00000200

Symbol: __heap_limit
   Definitions
      At line 31 in file lab_08.s
   Uses
      At line 294 in file lab_08.s
Comment: __heap_limit used once
4 symbols



ARM Macro Assembler    Page 1 Alphabetic symbol ordering
Relocatable symbols

RESET 00000000

Symbol: RESET
   Definitions
      At line 40 in file lab_08.s
   Uses
      None
Comment: RESET unused
__Vectors 00000000

Symbol: __Vectors
   Definitions
      At line 43 in file lab_08.s
   Uses
      At line 41 in file lab_08.s
Comment: __Vectors used once
2 symbols



ARM Macro Assembler    Page 1 Alphabetic symbol ordering
Relocatable symbols

.ARM.__at_0x02FC 00000000

Symbol: .ARM.__at_0x02FC
   Definitions
      At line 99 in file lab_08.s
   Uses
      None
Comment: .ARM.__at_0x02FC unused
CRP_Key 00000000

Symbol: CRP_Key
   Definitions
      At line 100 in file lab_08.s
   Uses
      None
Comment: CRP_Key unused
2 symbols



ARM Macro Assembler    Page 1 Alphabetic symbol ordering
Relocatable symbols

.text 00000000

Symbol: .text
   Definitions
      At line 104 in file lab_08.s
   Uses
      None
Comment: .text unused
ADC_IRQHandler 0000007E

Symbol: ADC_IRQHandler
   Definitions
      At line 268 in file lab_08.s
   Uses
      At line 83 in file lab_08.s
      At line 232 in file lab_08.s

BOD_IRQHandler 0000007E

Symbol: BOD_IRQHandler
   Definitions
      At line 269 in file lab_08.s
   Uses
      At line 84 in file lab_08.s
      At line 233 in file lab_08.s

BusFault_Handler 00000020

Symbol: BusFault_Handler
   Definitions
      At line 144 in file lab_08.s
   Uses
      At line 48 in file lab_08.s
      At line 145 in file lab_08.s

CANActivity_IRQHandler 0000007E

Symbol: CANActivity_IRQHandler
   Definitions
      At line 280 in file lab_08.s
   Uses
      At line 95 in file lab_08.s
      At line 244 in file lab_08.s

CAN_IRQHandler 0000007E

Symbol: CAN_IRQHandler
   Definitions
      At line 271 in file lab_08.s
   Uses
      At line 86 in file lab_08.s
      At line 235 in file lab_08.s

DMA_IRQHandler 0000007E

Symbol: DMA_IRQHandler
   Definitions
      At line 272 in file lab_08.s
   Uses



ARM Macro Assembler    Page 2 Alphabetic symbol ordering
Relocatable symbols

      At line 87 in file lab_08.s
      At line 236 in file lab_08.s

DebugMon_Handler 00000078

Symbol: DebugMon_Handler
   Definitions
      At line 195 in file lab_08.s
   Uses
      At line 55 in file lab_08.s
      At line 196 in file lab_08.s

Default_Handler 0000007E

Symbol: Default_Handler
   Definitions
      At line 208 in file lab_08.s
   Uses
      None
Comment: Default_Handler unused
EINT0_IRQHandler 0000007E

Symbol: EINT0_IRQHandler
   Definitions
      At line 264 in file lab_08.s
   Uses
      At line 79 in file lab_08.s
      At line 228 in file lab_08.s

EINT1_IRQHandler 0000007E

Symbol: EINT1_IRQHandler
   Definitions
      At line 265 in file lab_08.s
   Uses
      At line 80 in file lab_08.s
      At line 229 in file lab_08.s

EINT2_IRQHandler 0000007E

Symbol: EINT2_IRQHandler
   Definitions
      At line 266 in file lab_08.s
   Uses
      At line 81 in file lab_08.s
      At line 230 in file lab_08.s

EINT3_IRQHandler 0000007E

Symbol: EINT3_IRQHandler
   Definitions
      At line 267 in file lab_08.s
   Uses
      At line 82 in file lab_08.s
      At line 231 in file lab_08.s

ENET_IRQHandler 0000007E

Symbol: ENET_IRQHandler



ARM Macro Assembler    Page 3 Alphabetic symbol ordering
Relocatable symbols

   Definitions
      At line 274 in file lab_08.s
   Uses
      At line 89 in file lab_08.s
      At line 238 in file lab_08.s

HardFault_Handler 0000001C

Symbol: HardFault_Handler
   Definitions
      At line 134 in file lab_08.s
   Uses
      At line 46 in file lab_08.s
      At line 135 in file lab_08.s

I2C0_IRQHandler 0000007E

Symbol: I2C0_IRQHandler
   Definitions
      At line 256 in file lab_08.s
   Uses
      At line 71 in file lab_08.s
      At line 220 in file lab_08.s

I2C1_IRQHandler 0000007E

Symbol: I2C1_IRQHandler
   Definitions
      At line 257 in file lab_08.s
   Uses
      At line 72 in file lab_08.s
      At line 221 in file lab_08.s

I2C2_IRQHandler 0000007E

Symbol: I2C2_IRQHandler
   Definitions
      At line 258 in file lab_08.s
   Uses
      At line 73 in file lab_08.s
      At line 222 in file lab_08.s

I2S_IRQHandler 0000007E

Symbol: I2S_IRQHandler
   Definitions
      At line 273 in file lab_08.s
   Uses
      At line 88 in file lab_08.s
      At line 237 in file lab_08.s

InfLoop 00000018

Symbol: InfLoop
   Definitions
      At line 123 in file lab_08.s
   Uses
      At line 123 in file lab_08.s
Comment: InfLoop used once



ARM Macro Assembler    Page 4 Alphabetic symbol ordering
Relocatable symbols

MCPWM_IRQHandler 0000007E

Symbol: MCPWM_IRQHandler
   Definitions
      At line 276 in file lab_08.s
   Uses
      At line 91 in file lab_08.s
      At line 240 in file lab_08.s

MemManage_Handler 0000001E

Symbol: MemManage_Handler
   Definitions
      At line 139 in file lab_08.s
   Uses
      At line 47 in file lab_08.s
      At line 140 in file lab_08.s

NMI_Handler 0000001A

Symbol: NMI_Handler
   Definitions
      At line 129 in file lab_08.s
   Uses
      At line 45 in file lab_08.s
      At line 130 in file lab_08.s

PLL0_IRQHandler 0000007E

Symbol: PLL0_IRQHandler
   Definitions
      At line 262 in file lab_08.s
   Uses
      At line 77 in file lab_08.s
      At line 226 in file lab_08.s

PLL1_IRQHandler 0000007E

Symbol: PLL1_IRQHandler
   Definitions
      At line 278 in file lab_08.s
   Uses
      At line 93 in file lab_08.s
      At line 242 in file lab_08.s

PWM1_IRQHandler 0000007E

Symbol: PWM1_IRQHandler
   Definitions
      At line 255 in file lab_08.s
   Uses
      At line 70 in file lab_08.s
      At line 219 in file lab_08.s

PendSV_Handler 0000007A

Symbol: PendSV_Handler
   Definitions
      At line 199 in file lab_08.s



ARM Macro Assembler    Page 5 Alphabetic symbol ordering
Relocatable symbols

   Uses
      At line 57 in file lab_08.s
      At line 200 in file lab_08.s

QEI_IRQHandler 0000007E

Symbol: QEI_IRQHandler
   Definitions
      At line 277 in file lab_08.s
   Uses
      At line 92 in file lab_08.s
      At line 241 in file lab_08.s

RIT_IRQHandler 0000007E

Symbol: RIT_IRQHandler
   Definitions
      At line 275 in file lab_08.s
   Uses
      At line 90 in file lab_08.s
      At line 239 in file lab_08.s

RTC_IRQHandler 0000007E

Symbol: RTC_IRQHandler
   Definitions
      At line 263 in file lab_08.s
   Uses
      At line 78 in file lab_08.s
      At line 227 in file lab_08.s

Reset_Handler 00000000

Symbol: Reset_Handler
   Definitions
      At line 109 in file lab_08.s
   Uses
      At line 44 in file lab_08.s
      At line 110 in file lab_08.s
      At line 111 in file lab_08.s

SPI_IRQHandler 0000007E

Symbol: SPI_IRQHandler
   Definitions
      At line 259 in file lab_08.s
   Uses
      At line 74 in file lab_08.s
      At line 223 in file lab_08.s

SSP0_IRQHandler 0000007E

Symbol: SSP0_IRQHandler
   Definitions
      At line 260 in file lab_08.s
   Uses
      At line 75 in file lab_08.s
      At line 224 in file lab_08.s




ARM Macro Assembler    Page 6 Alphabetic symbol ordering
Relocatable symbols

SSP1_IRQHandler 0000007E

Symbol: SSP1_IRQHandler
   Definitions
      At line 261 in file lab_08.s
   Uses
      At line 76 in file lab_08.s
      At line 225 in file lab_08.s

SVC_END 00000072

Symbol: SVC_END
   Definitions
      At line 190 in file lab_08.s
   Uses
      At line 180 in file lab_08.s
      At line 185 in file lab_08.s

SVC_GTE64 0000003E

Symbol: SVC_GTE64
   Definitions
      At line 167 in file lab_08.s
   Uses
      None
Comment: SVC_GTE64 unused
SVC_Handler 00000024

Symbol: SVC_Handler
   Definitions
      At line 153 in file lab_08.s
   Uses
      At line 54 in file lab_08.s
      At line 154 in file lab_08.s

SVC_LT13 0000006A

Symbol: SVC_LT13
   Definitions
      At line 187 in file lab_08.s
   Uses
      At line 183 in file lab_08.s
Comment: SVC_LT13 used once
SVC_LT64 00000062

Symbol: SVC_LT64
   Definitions
      At line 182 in file lab_08.s
   Uses
      At line 165 in file lab_08.s
Comment: SVC_LT64 used once
SVC_WHILE 00000056

Symbol: SVC_WHILE
   Definitions
      At line 175 in file lab_08.s
   Uses
      At line 177 in file lab_08.s
Comment: SVC_WHILE used once



ARM Macro Assembler    Page 7 Alphabetic symbol ordering
Relocatable symbols

SysTick_Handler 0000007C

Symbol: SysTick_Handler
   Definitions
      At line 203 in file lab_08.s
   Uses
      At line 58 in file lab_08.s
      At line 204 in file lab_08.s

TIMER0_IRQHandler 0000007E

Symbol: TIMER0_IRQHandler
   Definitions
      At line 247 in file lab_08.s
   Uses
      At line 62 in file lab_08.s
      At line 211 in file lab_08.s

TIMER1_IRQHandler 0000007E

Symbol: TIMER1_IRQHandler
   Definitions
      At line 248 in file lab_08.s
   Uses
      At line 63 in file lab_08.s
      At line 212 in file lab_08.s

TIMER2_IRQHandler 0000007E

Symbol: TIMER2_IRQHandler
   Definitions
      At line 249 in file lab_08.s
   Uses
      At line 64 in file lab_08.s
      At line 213 in file lab_08.s

TIMER3_IRQHandler 0000007E

Symbol: TIMER3_IRQHandler
   Definitions
      At line 250 in file lab_08.s
   Uses
      At line 65 in file lab_08.s
      At line 214 in file lab_08.s

UART0_IRQHandler 0000007E

Symbol: UART0_IRQHandler
   Definitions
      At line 251 in file lab_08.s
   Uses
      At line 66 in file lab_08.s
      At line 215 in file lab_08.s

UART1_IRQHandler 0000007E

Symbol: UART1_IRQHandler
   Definitions
      At line 252 in file lab_08.s



ARM Macro Assembler    Page 8 Alphabetic symbol ordering
Relocatable symbols

   Uses
      At line 67 in file lab_08.s
      At line 216 in file lab_08.s

UART2_IRQHandler 0000007E

Symbol: UART2_IRQHandler
   Definitions
      At line 253 in file lab_08.s
   Uses
      At line 68 in file lab_08.s
      At line 217 in file lab_08.s

UART3_IRQHandler 0000007E

Symbol: UART3_IRQHandler
   Definitions
      At line 254 in file lab_08.s
   Uses
      At line 69 in file lab_08.s
      At line 218 in file lab_08.s

USBActivity_IRQHandler 0000007E

Symbol: USBActivity_IRQHandler
   Definitions
      At line 279 in file lab_08.s
   Uses
      At line 94 in file lab_08.s
      At line 243 in file lab_08.s

USB_IRQHandler 0000007E

Symbol: USB_IRQHandler
   Definitions
      At line 270 in file lab_08.s
   Uses
      At line 85 in file lab_08.s
      At line 234 in file lab_08.s

UsageFault_Handler 00000022

Symbol: UsageFault_Handler
   Definitions
      At line 149 in file lab_08.s
   Uses
      At line 49 in file lab_08.s
      At line 150 in file lab_08.s

WDT_IRQHandler 0000007E

Symbol: WDT_IRQHandler
   Definitions
      At line 246 in file lab_08.s
   Uses
      At line 61 in file lab_08.s
      At line 210 in file lab_08.s

53 symbols



ARM Macro Assembler    Page 1 Alphabetic symbol ordering
Absolute symbols

Heap_Size 00000200

Symbol: Heap_Size
   Definitions
      At line 26 in file lab_08.s
   Uses
      At line 30 in file lab_08.s
Comment: Heap_Size used once
Stack_Size 00000200

Symbol: Stack_Size
   Definitions
      At line 14 in file lab_08.s
   Uses
      At line 17 in file lab_08.s
      At line 18 in file lab_08.s

2 symbols
394 symbols in table
